
C:\Projects\mbed-work\mbed-master-new>python workspace_tools/build.py -v -m LPC4330_M4 -t ARM 

>>> BUILD LIBRARY CMSIS (LPC4330_M4, ARM)
Copy: core_cm0.h
Copy: core_cm0plus.h
Copy: core_cm3.h
Copy: core_cm4.h
Copy: core_cm4_simd.h
Copy: core_cmFunc.h
Copy: core_cmInstr.h
Copy: cmsis.h
Copy: cmsis_nvic.h
Copy: LPC43xx.h
Copy: system_LPC43xx.h
Copy: LPC43xx.sct
Assemble: startup_LPC43xx.s
C:/Keil/ARM\ARMCC\bin\armcc -c --cpu=Cortex-M4.fp --gnu -Otime --split_sections --apcs=interwork --brief_diagnostics --restrict -O3 -IC:/Keil/ARM\INC -DTARGET_LPC4330_M4 -DTARGET_M4 -DTARGET_NXP -DTARGET_LPC43XX -DTOOLCHAIN_ARM_STD -DTOOLCHAIN_ARM -D__CORTEX_M4 -DARM_MATH_CM4 -D__FPU_PRESENT=1 -DMBED_BUILD_TIMESTAMP=1404266713.54 -D__MBED__=1 -IC:\Projects\mbed-work\mbed-master-new\libraries\mbed\targets\cmsis -IC:\Projects\mbed-work\mbed-master-new\libraries\mbed\targets\cmsis\TARGET_NXP -IC:\Projects\mbed-work\mbed-master-new\libraries\mbed\targets\cmsis\TARGET_NXP\TARGET_LPC43XX -IC:\Projects\mbed-work\mbed-master-new\libraries\mbed\targets\cmsis\TARGET_NXP\TARGET_LPC43XX\TOOLCHAIN_ARM_STD -E -o C:\Projects\mbed-work\mbed-master-new\build\mbed\.temp\TARGET_LPC4330_M4\TOOLCHAIN_ARM_STD\TARGET_NXP\TARGET_LPC43XX\TOOLCHAIN_ARM_STD\startup_LPC43xx.o.E.s C:\Projects\mbed-work\mbed-master-new\libraries\mbed\targets\cmsis\TARGET_NXP\TARGET_LPC43XX\TOOLCHAIN_ARM_STD\startup_LPC43xx.s

C:/Keil/ARM\ARMCC\bin\armcc -c --cpu=Cortex-M4.fp --gnu -Otime --split_sections --apcs=interwork --brief_diagnostics --restrict -O3 -IC:/Keil/ARM\INC -o C:\Projects\mbed-work\mbed-master-new\build\mbed\.temp\TARGET_LPC4330_M4\TOOLCHAIN_ARM_STD\TARGET_NXP\TARGET_LPC43XX\TOOLCHAIN_ARM_STD\startup_LPC43xx.o C:\Projects\mbed-work\mbed-master-new\build\mbed\.temp\TARGET_LPC4330_M4\TOOLCHAIN_ARM_STD\TARGET_NXP\TARGET_LPC43XX\TOOLCHAIN_ARM_STD\startup_LPC43xx.o.E.s

Compile: cmsis_nvic.c
C:/Keil/ARM\ARMCC\bin\armcc -c --cpu=Cortex-M4.fp --gnu -Otime --split_sections --apcs=interwork --brief_diagnostics --restrict -O3 --md --no_depend_system_headers -IC:/Keil/ARM\INC --c99 -D__ASSERT_MSG -DTARGET_LPC4330_M4 -DTARGET_M4 -DTARGET_NXP -DTARGET_LPC43XX -DTOOLCHAIN_ARM_STD -DTOOLCHAIN_ARM -D__CORTEX_M4 -DARM_MATH_CM4 -D__FPU_PRESENT=1 -DMBED_BUILD_TIMESTAMP=1404266713.54 -D__MBED__=1 -IC:\Projects\mbed-work\mbed-master-new\libraries\mbed\targets\cmsis -IC:\Projects\mbed-work\mbed-master-new\libraries\mbed\targets\cmsis\TARGET_NXP -IC:\Projects\mbed-work\mbed-master-new\libraries\mbed\targets\cmsis\TARGET_NXP\TARGET_LPC43XX -IC:\Projects\mbed-work\mbed-master-new\libraries\mbed\targets\cmsis\TARGET_NXP\TARGET_LPC43XX\TOOLCHAIN_ARM_STD -o C:\Projects\mbed-work\mbed-master-new\build\mbed\.temp\TARGET_LPC4330_M4\TOOLCHAIN_ARM_STD\TARGET_NXP\TARGET_LPC43XX\cmsis_nvic.o C:\Projects\mbed-work\mbed-master-new\libraries\mbed\targets\cmsis\TARGET_NXP\TARGET_LPC43XX\cmsis_nvic.c
Compile: system_LPC43xx.c
C:/Keil/ARM\ARMCC\bin\armcc -c --cpu=Cortex-M4.fp --gnu -Otime --split_sections --apcs=interwork --brief_diagnostics --restrict -O3 --md --no_depend_system_headers -IC:/Keil/ARM\INC --c99 -D__ASSERT_MSG -DTARGET_LPC4330_M4 -DTARGET_M4 -DTARGET_NXP -DTARGET_LPC43XX -DTOOLCHAIN_ARM_STD -DTOOLCHAIN_ARM -D__CORTEX_M4 -DARM_MATH_CM4 -D__FPU_PRESENT=1 -DMBED_BUILD_TIMESTAMP=1404266713.54 -D__MBED__=1 -IC:\Projects\mbed-work\mbed-master-new\libraries\mbed\targets\cmsis -IC:\Projects\mbed-work\mbed-master-new\libraries\mbed\targets\cmsis\TARGET_NXP -IC:\Projects\mbed-work\mbed-master-new\libraries\mbed\targets\cmsis\TARGET_NXP\TARGET_LPC43XX -IC:\Projects\mbed-work\mbed-master-new\libraries\mbed\targets\cmsis\TARGET_NXP\TARGET_LPC43XX\TOOLCHAIN_ARM_STD -o C:\Projects\mbed-work\mbed-master-new\build\mbed\.temp\TARGET_LPC4330_M4\TOOLCHAIN_ARM_STD\TARGET_NXP\TARGET_LPC43XX\system_LPC43xx.o C:\Projects\mbed-work\mbed-master-new\libraries\mbed\targets\cmsis\TARGET_NXP\TARGET_LPC43XX\system_LPC43xx.c
Compile: sys.cpp
C:/Keil/ARM\ARMCC\bin\armcc -c --cpu=Cortex-M4.fp --gnu -Otime --split_sections --apcs=interwork --brief_diagnostics --restrict -O3 --md --no_depend_system_headers -IC:/Keil/ARM\INC --cpp --no_rtti -D__ASSERT_MSG -DTARGET_LPC4330_M4 -DTARGET_M4 -DTARGET_NXP -DTARGET_LPC43XX -DTOOLCHAIN_ARM_STD -DTOOLCHAIN_ARM -D__CORTEX_M4 -DARM_MATH_CM4 -D__FPU_PRESENT=1 -DMBED_BUILD_TIMESTAMP=1404266713.54 -D__MBED__=1 -IC:\Projects\mbed-work\mbed-master-new\libraries\mbed\targets\cmsis -IC:\Projects\mbed-work\mbed-master-new\libraries\mbed\targets\cmsis\TARGET_NXP -IC:\Projects\mbed-work\mbed-master-new\libraries\mbed\targets\cmsis\TARGET_NXP\TARGET_LPC43XX -IC:\Projects\mbed-work\mbed-master-new\libraries\mbed\targets\cmsis\TARGET_NXP\TARGET_LPC43XX\TOOLCHAIN_ARM_STD -o C:\Projects\mbed-work\mbed-master-new\build\mbed\.temp\TARGET_LPC4330_M4\TOOLCHAIN_ARM_STD\TARGET_NXP\TARGET_LPC43XX\TOOLCHAIN_ARM_STD\sys.o C:\Projects\mbed-work\mbed-master-new\libraries\mbed\targets\cmsis\TARGET_NXP\TARGET_LPC43XX\TOOLCHAIN_ARM_STD\sys.cpp
Copy: startup_LPC43xx.o
Copy: cmsis_nvic.o
Copy: system_LPC43xx.o
Copy: sys.o

>>> BUILD LIBRARY MBED (LPC4330_M4, ARM)
Copy: AnalogIn.h
Copy: AnalogOut.h
Copy: BusIn.h
Copy: BusInOut.h
Copy: BusOut.h
Copy: CallChain.h
Copy: CAN.h
Copy: can_helper.h
Copy: DigitalIn.h
Copy: DigitalInOut.h
Copy: DigitalOut.h
Copy: DirHandle.h
Copy: error.h
Copy: Ethernet.h
Copy: FileBase.h
Copy: FileHandle.h
Copy: FileLike.h
Copy: FilePath.h
Copy: FileSystemLike.h
Copy: FunctionPointer.h
Copy: I2C.h
Copy: I2CSlave.h
Copy: InterruptIn.h
Copy: InterruptManager.h
Copy: LocalFileSystem.h
Copy: mbed.h
Copy: mbed_assert.h
Copy: mbed_debug.h
Copy: mbed_interface.h
Copy: platform.h
Copy: PortIn.h
Copy: PortInOut.h
Copy: PortOut.h
Copy: PwmOut.h
Copy: RawSerial.h
Copy: rtc_time.h
Copy: semihost_api.h
Copy: Serial.h
Copy: SerialBase.h
Copy: SPI.h
Copy: SPISlave.h
Copy: Stream.h
Copy: Ticker.h
Copy: Timeout.h
Copy: Timer.h
Copy: TimerEvent.h
Copy: toolchain.h
Copy: wait_api.h
Copy: analogin_api.h
Copy: analogout_api.h
Copy: can_api.h
Copy: ethernet_api.h
Copy: gpio_api.h
Copy: gpio_irq_api.h
Copy: i2c_api.h
Copy: pinmap.h
Copy: port_api.h
Copy: pwmout_api.h
Copy: rtc_api.h
Copy: serial_api.h
Copy: sleep_api.h
Copy: spi_api.h
Copy: us_ticker_api.h
Copy: device.h
Copy: gpio_object.h
Copy: objects.h
Copy: PeripheralNames.h
Copy: PinNames.h
Copy: PortNames.h
Compile: analogin_api.c
C:/Keil/ARM\ARMCC\bin\armcc -c --cpu=Cortex-M4.fp --gnu -Otime --split_sections --apcs=interwork --brief_diagnostics --restrict -O3 --md --no_depend_system_headers -IC:/Keil/ARM\INC --c99 -D__ASSERT_MSG -DTARGET_LPC4330_M4 -DTARGET_M4 -DTARGET_NXP -DTARGET_LPC43XX -DTOOLCHAIN_ARM_STD -DTOOLCHAIN_ARM -D__CORTEX_M4 -DARM_MATH_CM4 -D__FPU_PRESENT=1 -DMBED_BUILD_TIMESTAMP=1404266713.54 -D__MBED__=1 -IC:\Projects\mbed-work\mbed-master-new\libraries\mbed\targets\hal -IC:\Projects\mbed-work\mbed-master-new\libraries\mbed\targets\hal\TARGET_NXP -IC:\Projects\mbed-work\mbed-master-new\libraries\mbed\targets\hal\TARGET_NXP\TARGET_LPC43XX -IC:\Projects\mbed-work\mbed-master-new\build\mbed -IC:\Projects\mbed-work\mbed-master-new\build\mbed\TARGET_LPC4330_M4 -IC:\Projects\mbed-work\mbed-master-new\build\mbed\TARGET_LPC4330_M4\TARGET_NXP -IC:\Projects\mbed-work\mbed-master-new\build\mbed\TARGET_LPC4330_M4\TARGET_NXP\TARGET_LPC43XX -IC:\Projects\mbed-work\mbed-master-new\build\mbed\TARGET_LPC4330_M4\TOOLCHAIN_ARM_STD -o C:\Projects\mbed-work\mbed-master-new\build\mbed\.temp\TARGET_LPC4330_M4\TOOLCHAIN_ARM_STD\TARGET_NXP\TARGET_LPC43XX\analogin_api.o C:\Projects\mbed-work\mbed-master-new\libraries\mbed\targets\hal\TARGET_NXP\TARGET_LPC43XX\analogin_api.c
Compile: analogout_api.c
C:/Keil/ARM\ARMCC\bin\armcc -c --cpu=Cortex-M4.fp --gnu -Otime --split_sections --apcs=interwork --brief_diagnostics --restrict -O3 --md --no_depend_system_headers -IC:/Keil/ARM\INC --c99 -D__ASSERT_MSG -DTARGET_LPC4330_M4 -DTARGET_M4 -DTARGET_NXP -DTARGET_LPC43XX -DTOOLCHAIN_ARM_STD -DTOOLCHAIN_ARM -D__CORTEX_M4 -DARM_MATH_CM4 -D__FPU_PRESENT=1 -DMBED_BUILD_TIMESTAMP=1404266713.54 -D__MBED__=1 -IC:\Projects\mbed-work\mbed-master-new\libraries\mbed\targets\hal -IC:\Projects\mbed-work\mbed-master-new\libraries\mbed\targets\hal\TARGET_NXP -IC:\Projects\mbed-work\mbed-master-new\libraries\mbed\targets\hal\TARGET_NXP\TARGET_LPC43XX -IC:\Projects\mbed-work\mbed-master-new\build\mbed -IC:\Projects\mbed-work\mbed-master-new\build\mbed\TARGET_LPC4330_M4 -IC:\Projects\mbed-work\mbed-master-new\build\mbed\TARGET_LPC4330_M4\TARGET_NXP -IC:\Projects\mbed-work\mbed-master-new\build\mbed\TARGET_LPC4330_M4\TARGET_NXP\TARGET_LPC43XX -IC:\Projects\mbed-work\mbed-master-new\build\mbed\TARGET_LPC4330_M4\TOOLCHAIN_ARM_STD -o C:\Projects\mbed-work\mbed-master-new\build\mbed\.temp\TARGET_LPC4330_M4\TOOLCHAIN_ARM_STD\TARGET_NXP\TARGET_LPC43XX\analogout_api.o C:\Projects\mbed-work\mbed-master-new\libraries\mbed\targets\hal\TARGET_NXP\TARGET_LPC43XX\analogout_api.c
Compile: ethernet_api.c
C:/Keil/ARM\ARMCC\bin\armcc -c --cpu=Cortex-M4.fp --gnu -Otime --split_sections --apcs=interwork --brief_diagnostics --restrict -O3 --md --no_depend_system_headers -IC:/Keil/ARM\INC --c99 -D__ASSERT_MSG -DTARGET_LPC4330_M4 -DTARGET_M4 -DTARGET_NXP -DTARGET_LPC43XX -DTOOLCHAIN_ARM_STD -DTOOLCHAIN_ARM -D__CORTEX_M4 -DARM_MATH_CM4 -D__FPU_PRESENT=1 -DMBED_BUILD_TIMESTAMP=1404266713.54 -D__MBED__=1 -IC:\Projects\mbed-work\mbed-master-new\libraries\mbed\targets\hal -IC:\Projects\mbed-work\mbed-master-new\libraries\mbed\targets\hal\TARGET_NXP -IC:\Projects\mbed-work\mbed-master-new\libraries\mbed\targets\hal\TARGET_NXP\TARGET_LPC43XX -IC:\Projects\mbed-work\mbed-master-new\build\mbed -IC:\Projects\mbed-work\mbed-master-new\build\mbed\TARGET_LPC4330_M4 -IC:\Projects\mbed-work\mbed-master-new\build\mbed\TARGET_LPC4330_M4\TARGET_NXP -IC:\Projects\mbed-work\mbed-master-new\build\mbed\TARGET_LPC4330_M4\TARGET_NXP\TARGET_LPC43XX -IC:\Projects\mbed-work\mbed-master-new\build\mbed\TARGET_LPC4330_M4\TOOLCHAIN_ARM_STD -o C:\Projects\mbed-work\mbed-master-new\build\mbed\.temp\TARGET_LPC4330_M4\TOOLCHAIN_ARM_STD\TARGET_NXP\TARGET_LPC43XX\ethernet_api.o C:\Projects\mbed-work\mbed-master-new\libraries\mbed\targets\hal\TARGET_NXP\TARGET_LPC43XX\ethernet_api.c
Compile: gpio_api.c
C:/Keil/ARM\ARMCC\bin\armcc -c --cpu=Cortex-M4.fp --gnu -Otime --split_sections --apcs=interwork --brief_diagnostics --restrict -O3 --md --no_depend_system_headers -IC:/Keil/ARM\INC --c99 -D__ASSERT_MSG -DTARGET_LPC4330_M4 -DTARGET_M4 -DTARGET_NXP -DTARGET_LPC43XX -DTOOLCHAIN_ARM_STD -DTOOLCHAIN_ARM -D__CORTEX_M4 -DARM_MATH_CM4 -D__FPU_PRESENT=1 -DMBED_BUILD_TIMESTAMP=1404266713.54 -D__MBED__=1 -IC:\Projects\mbed-work\mbed-master-new\libraries\mbed\targets\hal -IC:\Projects\mbed-work\mbed-master-new\libraries\mbed\targets\hal\TARGET_NXP -IC:\Projects\mbed-work\mbed-master-new\libraries\mbed\targets\hal\TARGET_NXP\TARGET_LPC43XX -IC:\Projects\mbed-work\mbed-master-new\build\mbed -IC:\Projects\mbed-work\mbed-master-new\build\mbed\TARGET_LPC4330_M4 -IC:\Projects\mbed-work\mbed-master-new\build\mbed\TARGET_LPC4330_M4\TARGET_NXP -IC:\Projects\mbed-work\mbed-master-new\build\mbed\TARGET_LPC4330_M4\TARGET_NXP\TARGET_LPC43XX -IC:\Projects\mbed-work\mbed-master-new\build\mbed\TARGET_LPC4330_M4\TOOLCHAIN_ARM_STD -o C:\Projects\mbed-work\mbed-master-new\build\mbed\.temp\TARGET_LPC4330_M4\TOOLCHAIN_ARM_STD\TARGET_NXP\TARGET_LPC43XX\gpio_api.o C:\Projects\mbed-work\mbed-master-new\libraries\mbed\targets\hal\TARGET_NXP\TARGET_LPC43XX\gpio_api.c
Compile: gpio_irq_api.c
C:/Keil/ARM\ARMCC\bin\armcc -c --cpu=Cortex-M4.fp --gnu -Otime --split_sections --apcs=interwork --brief_diagnostics --restrict -O3 --md --no_depend_system_headers -IC:/Keil/ARM\INC --c99 -D__ASSERT_MSG -DTARGET_LPC4330_M4 -DTARGET_M4 -DTARGET_NXP -DTARGET_LPC43XX -DTOOLCHAIN_ARM_STD -DTOOLCHAIN_ARM -D__CORTEX_M4 -DARM_MATH_CM4 -D__FPU_PRESENT=1 -DMBED_BUILD_TIMESTAMP=1404266713.54 -D__MBED__=1 -IC:\Projects\mbed-work\mbed-master-new\libraries\mbed\targets\hal -IC:\Projects\mbed-work\mbed-master-new\libraries\mbed\targets\hal\TARGET_NXP -IC:\Projects\mbed-work\mbed-master-new\libraries\mbed\targets\hal\TARGET_NXP\TARGET_LPC43XX -IC:\Projects\mbed-work\mbed-master-new\build\mbed -IC:\Projects\mbed-work\mbed-master-new\build\mbed\TARGET_LPC4330_M4 -IC:\Projects\mbed-work\mbed-master-new\build\mbed\TARGET_LPC4330_M4\TARGET_NXP -IC:\Projects\mbed-work\mbed-master-new\build\mbed\TARGET_LPC4330_M4\TARGET_NXP\TARGET_LPC43XX -IC:\Projects\mbed-work\mbed-master-new\build\mbed\TARGET_LPC4330_M4\TOOLCHAIN_ARM_STD -o C:\Projects\mbed-work\mbed-master-new\build\mbed\.temp\TARGET_LPC4330_M4\TOOLCHAIN_ARM_STD\TARGET_NXP\TARGET_LPC43XX\gpio_irq_api.o C:\Projects\mbed-work\mbed-master-new\libraries\mbed\targets\hal\TARGET_NXP\TARGET_LPC43XX\gpio_irq_api.c
Compile: i2c_api.c
C:/Keil/ARM\ARMCC\bin\armcc -c --cpu=Cortex-M4.fp --gnu -Otime --split_sections --apcs=interwork --brief_diagnostics --restrict -O3 --md --no_depend_system_headers -IC:/Keil/ARM\INC --c99 -D__ASSERT_MSG -DTARGET_LPC4330_M4 -DTARGET_M4 -DTARGET_NXP -DTARGET_LPC43XX -DTOOLCHAIN_ARM_STD -DTOOLCHAIN_ARM -D__CORTEX_M4 -DARM_MATH_CM4 -D__FPU_PRESENT=1 -DMBED_BUILD_TIMESTAMP=1404266713.54 -D__MBED__=1 -IC:\Projects\mbed-work\mbed-master-new\libraries\mbed\targets\hal -IC:\Projects\mbed-work\mbed-master-new\libraries\mbed\targets\hal\TARGET_NXP -IC:\Projects\mbed-work\mbed-master-new\libraries\mbed\targets\hal\TARGET_NXP\TARGET_LPC43XX -IC:\Projects\mbed-work\mbed-master-new\build\mbed -IC:\Projects\mbed-work\mbed-master-new\build\mbed\TARGET_LPC4330_M4 -IC:\Projects\mbed-work\mbed-master-new\build\mbed\TARGET_LPC4330_M4\TARGET_NXP -IC:\Projects\mbed-work\mbed-master-new\build\mbed\TARGET_LPC4330_M4\TARGET_NXP\TARGET_LPC43XX -IC:\Projects\mbed-work\mbed-master-new\build\mbed\TARGET_LPC4330_M4\TOOLCHAIN_ARM_STD -o C:\Projects\mbed-work\mbed-master-new\build\mbed\.temp\TARGET_LPC4330_M4\TOOLCHAIN_ARM_STD\TARGET_NXP\TARGET_LPC43XX\i2c_api.o C:\Projects\mbed-work\mbed-master-new\libraries\mbed\targets\hal\TARGET_NXP\TARGET_LPC43XX\i2c_api.c
Compile: pinmap.c
C:/Keil/ARM\ARMCC\bin\armcc -c --cpu=Cortex-M4.fp --gnu -Otime --split_sections --apcs=interwork --brief_diagnostics --restrict -O3 --md --no_depend_system_headers -IC:/Keil/ARM\INC --c99 -D__ASSERT_MSG -DTARGET_LPC4330_M4 -DTARGET_M4 -DTARGET_NXP -DTARGET_LPC43XX -DTOOLCHAIN_ARM_STD -DTOOLCHAIN_ARM -D__CORTEX_M4 -DARM_MATH_CM4 -D__FPU_PRESENT=1 -DMBED_BUILD_TIMESTAMP=1404266713.54 -D__MBED__=1 -IC:\Projects\mbed-work\mbed-master-new\libraries\mbed\targets\hal -IC:\Projects\mbed-work\mbed-master-new\libraries\mbed\targets\hal\TARGET_NXP -IC:\Projects\mbed-work\mbed-master-new\libraries\mbed\targets\hal\TARGET_NXP\TARGET_LPC43XX -IC:\Projects\mbed-work\mbed-master-new\build\mbed -IC:\Projects\mbed-work\mbed-master-new\build\mbed\TARGET_LPC4330_M4 -IC:\Projects\mbed-work\mbed-master-new\build\mbed\TARGET_LPC4330_M4\TARGET_NXP -IC:\Projects\mbed-work\mbed-master-new\build\mbed\TARGET_LPC4330_M4\TARGET_NXP\TARGET_LPC43XX -IC:\Projects\mbed-work\mbed-master-new\build\mbed\TARGET_LPC4330_M4\TOOLCHAIN_ARM_STD -o C:\Projects\mbed-work\mbed-master-new\build\mbed\.temp\TARGET_LPC4330_M4\TOOLCHAIN_ARM_STD\TARGET_NXP\TARGET_LPC43XX\pinmap.o C:\Projects\mbed-work\mbed-master-new\libraries\mbed\targets\hal\TARGET_NXP\TARGET_LPC43XX\pinmap.c
Compile: port_api.c
C:/Keil/ARM\ARMCC\bin\armcc -c --cpu=Cortex-M4.fp --gnu -Otime --split_sections --apcs=interwork --brief_diagnostics --restrict -O3 --md --no_depend_system_headers -IC:/Keil/ARM\INC --c99 -D__ASSERT_MSG -DTARGET_LPC4330_M4 -DTARGET_M4 -DTARGET_NXP -DTARGET_LPC43XX -DTOOLCHAIN_ARM_STD -DTOOLCHAIN_ARM -D__CORTEX_M4 -DARM_MATH_CM4 -D__FPU_PRESENT=1 -DMBED_BUILD_TIMESTAMP=1404266713.54 -D__MBED__=1 -IC:\Projects\mbed-work\mbed-master-new\libraries\mbed\targets\hal -IC:\Projects\mbed-work\mbed-master-new\libraries\mbed\targets\hal\TARGET_NXP -IC:\Projects\mbed-work\mbed-master-new\libraries\mbed\targets\hal\TARGET_NXP\TARGET_LPC43XX -IC:\Projects\mbed-work\mbed-master-new\build\mbed -IC:\Projects\mbed-work\mbed-master-new\build\mbed\TARGET_LPC4330_M4 -IC:\Projects\mbed-work\mbed-master-new\build\mbed\TARGET_LPC4330_M4\TARGET_NXP -IC:\Projects\mbed-work\mbed-master-new\build\mbed\TARGET_LPC4330_M4\TARGET_NXP\TARGET_LPC43XX -IC:\Projects\mbed-work\mbed-master-new\build\mbed\TARGET_LPC4330_M4\TOOLCHAIN_ARM_STD -o C:\Projects\mbed-work\mbed-master-new\build\mbed\.temp\TARGET_LPC4330_M4\TOOLCHAIN_ARM_STD\TARGET_NXP\TARGET_LPC43XX\port_api.o C:\Projects\mbed-work\mbed-master-new\libraries\mbed\targets\hal\TARGET_NXP\TARGET_LPC43XX\port_api.c
Compile: pwmout_api.c
C:/Keil/ARM\ARMCC\bin\armcc -c --cpu=Cortex-M4.fp --gnu -Otime --split_sections --apcs=interwork --brief_diagnostics --restrict -O3 --md --no_depend_system_headers -IC:/Keil/ARM\INC --c99 -D__ASSERT_MSG -DTARGET_LPC4330_M4 -DTARGET_M4 -DTARGET_NXP -DTARGET_LPC43XX -DTOOLCHAIN_ARM_STD -DTOOLCHAIN_ARM -D__CORTEX_M4 -DARM_MATH_CM4 -D__FPU_PRESENT=1 -DMBED_BUILD_TIMESTAMP=1404266713.54 -D__MBED__=1 -IC:\Projects\mbed-work\mbed-master-new\libraries\mbed\targets\hal -IC:\Projects\mbed-work\mbed-master-new\libraries\mbed\targets\hal\TARGET_NXP -IC:\Projects\mbed-work\mbed-master-new\libraries\mbed\targets\hal\TARGET_NXP\TARGET_LPC43XX -IC:\Projects\mbed-work\mbed-master-new\build\mbed -IC:\Projects\mbed-work\mbed-master-new\build\mbed\TARGET_LPC4330_M4 -IC:\Projects\mbed-work\mbed-master-new\build\mbed\TARGET_LPC4330_M4\TARGET_NXP -IC:\Projects\mbed-work\mbed-master-new\build\mbed\TARGET_LPC4330_M4\TARGET_NXP\TARGET_LPC43XX -IC:\Projects\mbed-work\mbed-master-new\build\mbed\TARGET_LPC4330_M4\TOOLCHAIN_ARM_STD -o C:\Projects\mbed-work\mbed-master-new\build\mbed\.temp\TARGET_LPC4330_M4\TOOLCHAIN_ARM_STD\TARGET_NXP\TARGET_LPC43XX\pwmout_api.o C:\Projects\mbed-work\mbed-master-new\libraries\mbed\targets\hal\TARGET_NXP\TARGET_LPC43XX\pwmout_api.c
Compile: rtc_api.c
C:/Keil/ARM\ARMCC\bin\armcc -c --cpu=Cortex-M4.fp --gnu -Otime --split_sections --apcs=interwork --brief_diagnostics --restrict -O3 --md --no_depend_system_headers -IC:/Keil/ARM\INC --c99 -D__ASSERT_MSG -DTARGET_LPC4330_M4 -DTARGET_M4 -DTARGET_NXP -DTARGET_LPC43XX -DTOOLCHAIN_ARM_STD -DTOOLCHAIN_ARM -D__CORTEX_M4 -DARM_MATH_CM4 -D__FPU_PRESENT=1 -DMBED_BUILD_TIMESTAMP=1404266713.54 -D__MBED__=1 -IC:\Projects\mbed-work\mbed-master-new\libraries\mbed\targets\hal -IC:\Projects\mbed-work\mbed-master-new\libraries\mbed\targets\hal\TARGET_NXP -IC:\Projects\mbed-work\mbed-master-new\libraries\mbed\targets\hal\TARGET_NXP\TARGET_LPC43XX -IC:\Projects\mbed-work\mbed-master-new\build\mbed -IC:\Projects\mbed-work\mbed-master-new\build\mbed\TARGET_LPC4330_M4 -IC:\Projects\mbed-work\mbed-master-new\build\mbed\TARGET_LPC4330_M4\TARGET_NXP -IC:\Projects\mbed-work\mbed-master-new\build\mbed\TARGET_LPC4330_M4\TARGET_NXP\TARGET_LPC43XX -IC:\Projects\mbed-work\mbed-master-new\build\mbed\TARGET_LPC4330_M4\TOOLCHAIN_ARM_STD -o C:\Projects\mbed-work\mbed-master-new\build\mbed\.temp\TARGET_LPC4330_M4\TOOLCHAIN_ARM_STD\TARGET_NXP\TARGET_LPC43XX\rtc_api.o C:\Projects\mbed-work\mbed-master-new\libraries\mbed\targets\hal\TARGET_NXP\TARGET_LPC43XX\rtc_api.c
Compile: serial_api.c
C:/Keil/ARM\ARMCC\bin\armcc -c --cpu=Cortex-M4.fp --gnu -Otime --split_sections --apcs=interwork --brief_diagnostics --restrict -O3 --md --no_depend_system_headers -IC:/Keil/ARM\INC --c99 -D__ASSERT_MSG -DTARGET_LPC4330_M4 -DTARGET_M4 -DTARGET_NXP -DTARGET_LPC43XX -DTOOLCHAIN_ARM_STD -DTOOLCHAIN_ARM -D__CORTEX_M4 -DARM_MATH_CM4 -D__FPU_PRESENT=1 -DMBED_BUILD_TIMESTAMP=1404266713.54 -D__MBED__=1 -IC:\Projects\mbed-work\mbed-master-new\libraries\mbed\targets\hal -IC:\Projects\mbed-work\mbed-master-new\libraries\mbed\targets\hal\TARGET_NXP -IC:\Projects\mbed-work\mbed-master-new\libraries\mbed\targets\hal\TARGET_NXP\TARGET_LPC43XX -IC:\Projects\mbed-work\mbed-master-new\build\mbed -IC:\Projects\mbed-work\mbed-master-new\build\mbed\TARGET_LPC4330_M4 -IC:\Projects\mbed-work\mbed-master-new\build\mbed\TARGET_LPC4330_M4\TARGET_NXP -IC:\Projects\mbed-work\mbed-master-new\build\mbed\TARGET_LPC4330_M4\TARGET_NXP\TARGET_LPC43XX -IC:\Projects\mbed-work\mbed-master-new\build\mbed\TARGET_LPC4330_M4\TOOLCHAIN_ARM_STD -o C:\Projects\mbed-work\mbed-master-new\build\mbed\.temp\TARGET_LPC4330_M4\TOOLCHAIN_ARM_STD\TARGET_NXP\TARGET_LPC43XX\serial_api.o C:\Projects\mbed-work\mbed-master-new\libraries\mbed\targets\hal\TARGET_NXP\TARGET_LPC43XX\serial_api.c
Compile: sleep.c
C:/Keil/ARM\ARMCC\bin\armcc -c --cpu=Cortex-M4.fp --gnu -Otime --split_sections --apcs=interwork --brief_diagnostics --restrict -O3 --md --no_depend_system_headers -IC:/Keil/ARM\INC --c99 -D__ASSERT_MSG -DTARGET_LPC4330_M4 -DTARGET_M4 -DTARGET_NXP -DTARGET_LPC43XX -DTOOLCHAIN_ARM_STD -DTOOLCHAIN_ARM -D__CORTEX_M4 -DARM_MATH_CM4 -D__FPU_PRESENT=1 -DMBED_BUILD_TIMESTAMP=1404266713.54 -D__MBED__=1 -IC:\Projects\mbed-work\mbed-master-new\libraries\mbed\targets\hal -IC:\Projects\mbed-work\mbed-master-new\libraries\mbed\targets\hal\TARGET_NXP -IC:\Projects\mbed-work\mbed-master-new\libraries\mbed\targets\hal\TARGET_NXP\TARGET_LPC43XX -IC:\Projects\mbed-work\mbed-master-new\build\mbed -IC:\Projects\mbed-work\mbed-master-new\build\mbed\TARGET_LPC4330_M4 -IC:\Projects\mbed-work\mbed-master-new\build\mbed\TARGET_LPC4330_M4\TARGET_NXP -IC:\Projects\mbed-work\mbed-master-new\build\mbed\TARGET_LPC4330_M4\TARGET_NXP\TARGET_LPC43XX -IC:\Projects\mbed-work\mbed-master-new\build\mbed\TARGET_LPC4330_M4\TOOLCHAIN_ARM_STD -o C:\Projects\mbed-work\mbed-master-new\build\mbed\.temp\TARGET_LPC4330_M4\TOOLCHAIN_ARM_STD\TARGET_NXP\TARGET_LPC43XX\sleep.o C:\Projects\mbed-work\mbed-master-new\libraries\mbed\targets\hal\TARGET_NXP\TARGET_LPC43XX\sleep.c
Compile: spi_api.c
C:/Keil/ARM\ARMCC\bin\armcc -c --cpu=Cortex-M4.fp --gnu -Otime --split_sections --apcs=interwork --brief_diagnostics --restrict -O3 --md --no_depend_system_headers -IC:/Keil/ARM\INC --c99 -D__ASSERT_MSG -DTARGET_LPC4330_M4 -DTARGET_M4 -DTARGET_NXP -DTARGET_LPC43XX -DTOOLCHAIN_ARM_STD -DTOOLCHAIN_ARM -D__CORTEX_M4 -DARM_MATH_CM4 -D__FPU_PRESENT=1 -DMBED_BUILD_TIMESTAMP=1404266713.54 -D__MBED__=1 -IC:\Projects\mbed-work\mbed-master-new\libraries\mbed\targets\hal -IC:\Projects\mbed-work\mbed-master-new\libraries\mbed\targets\hal\TARGET_NXP -IC:\Projects\mbed-work\mbed-master-new\libraries\mbed\targets\hal\TARGET_NXP\TARGET_LPC43XX -IC:\Projects\mbed-work\mbed-master-new\build\mbed -IC:\Projects\mbed-work\mbed-master-new\build\mbed\TARGET_LPC4330_M4 -IC:\Projects\mbed-work\mbed-master-new\build\mbed\TARGET_LPC4330_M4\TARGET_NXP -IC:\Projects\mbed-work\mbed-master-new\build\mbed\TARGET_LPC4330_M4\TARGET_NXP\TARGET_LPC43XX -IC:\Projects\mbed-work\mbed-master-new\build\mbed\TARGET_LPC4330_M4\TOOLCHAIN_ARM_STD -o C:\Projects\mbed-work\mbed-master-new\build\mbed\.temp\TARGET_LPC4330_M4\TOOLCHAIN_ARM_STD\TARGET_NXP\TARGET_LPC43XX\spi_api.o C:\Projects\mbed-work\mbed-master-new\libraries\mbed\targets\hal\TARGET_NXP\TARGET_LPC43XX\spi_api.c
Compile: us_ticker.c
C:/Keil/ARM\ARMCC\bin\armcc -c --cpu=Cortex-M4.fp --gnu -Otime --split_sections --apcs=interwork --brief_diagnostics --restrict -O3 --md --no_depend_system_headers -IC:/Keil/ARM\INC --c99 -D__ASSERT_MSG -DTARGET_LPC4330_M4 -DTARGET_M4 -DTARGET_NXP -DTARGET_LPC43XX -DTOOLCHAIN_ARM_STD -DTOOLCHAIN_ARM -D__CORTEX_M4 -DARM_MATH_CM4 -D__FPU_PRESENT=1 -DMBED_BUILD_TIMESTAMP=1404266713.54 -D__MBED__=1 -IC:\Projects\mbed-work\mbed-master-new\libraries\mbed\targets\hal -IC:\Projects\mbed-work\mbed-master-new\libraries\mbed\targets\hal\TARGET_NXP -IC:\Projects\mbed-work\mbed-master-new\libraries\mbed\targets\hal\TARGET_NXP\TARGET_LPC43XX -IC:\Projects\mbed-work\mbed-master-new\build\mbed -IC:\Projects\mbed-work\mbed-master-new\build\mbed\TARGET_LPC4330_M4 -IC:\Projects\mbed-work\mbed-master-new\build\mbed\TARGET_LPC4330_M4\TARGET_NXP -IC:\Projects\mbed-work\mbed-master-new\build\mbed\TARGET_LPC4330_M4\TARGET_NXP\TARGET_LPC43XX -IC:\Projects\mbed-work\mbed-master-new\build\mbed\TARGET_LPC4330_M4\TOOLCHAIN_ARM_STD -o C:\Projects\mbed-work\mbed-master-new\build\mbed\.temp\TARGET_LPC4330_M4\TOOLCHAIN_ARM_STD\TARGET_NXP\TARGET_LPC43XX\us_ticker.o C:\Projects\mbed-work\mbed-master-new\libraries\mbed\targets\hal\TARGET_NXP\TARGET_LPC43XX\us_ticker.c
Compile: assert.c
C:/Keil/ARM\ARMCC\bin\armcc -c --cpu=Cortex-M4.fp --gnu -Otime --split_sections --apcs=interwork --brief_diagnostics --restrict -O3 --md --no_depend_system_headers -IC:/Keil/ARM\INC --c99 -D__ASSERT_MSG -DTARGET_LPC4330_M4 -DTARGET_M4 -DTARGET_NXP -DTARGET_LPC43XX -DTOOLCHAIN_ARM_STD -DTOOLCHAIN_ARM -D__CORTEX_M4 -DARM_MATH_CM4 -D__FPU_PRESENT=1 -DMBED_BUILD_TIMESTAMP=1404266713.54 -D__MBED__=1 -IC:\Projects\mbed-work\mbed-master-new\libraries\mbed\common -IC:\Projects\mbed-work\mbed-master-new\build\mbed -IC:\Projects\mbed-work\mbed-master-new\build\mbed\TARGET_LPC4330_M4 -IC:\Projects\mbed-work\mbed-master-new\build\mbed\TARGET_LPC4330_M4\TARGET_NXP -IC:\Projects\mbed-work\mbed-master-new\build\mbed\TARGET_LPC4330_M4\TARGET_NXP\TARGET_LPC43XX -IC:\Projects\mbed-work\mbed-master-new\build\mbed\TARGET_LPC4330_M4\TOOLCHAIN_ARM_STD -o C:\Projects\mbed-work\mbed-master-new\build\mbed\.temp\TARGET_LPC4330_M4\TOOLCHAIN_ARM_STD\.\assert.o C:\Projects\mbed-work\mbed-master-new\libraries\mbed\common\assert.c
Compile: board.c
C:/Keil/ARM\ARMCC\bin\armcc -c --cpu=Cortex-M4.fp --gnu -Otime --split_sections --apcs=interwork --brief_diagnostics --restrict -O3 --md --no_depend_system_headers -IC:/Keil/ARM\INC --c99 -D__ASSERT_MSG -DTARGET_LPC4330_M4 -DTARGET_M4 -DTARGET_NXP -DTARGET_LPC43XX -DTOOLCHAIN_ARM_STD -DTOOLCHAIN_ARM -D__CORTEX_M4 -DARM_MATH_CM4 -D__FPU_PRESENT=1 -DMBED_BUILD_TIMESTAMP=1404266713.54 -D__MBED__=1 -IC:\Projects\mbed-work\mbed-master-new\libraries\mbed\common -IC:\Projects\mbed-work\mbed-master-new\build\mbed -IC:\Projects\mbed-work\mbed-master-new\build\mbed\TARGET_LPC4330_M4 -IC:\Projects\mbed-work\mbed-master-new\build\mbed\TARGET_LPC4330_M4\TARGET_NXP -IC:\Projects\mbed-work\mbed-master-new\build\mbed\TARGET_LPC4330_M4\TARGET_NXP\TARGET_LPC43XX -IC:\Projects\mbed-work\mbed-master-new\build\mbed\TARGET_LPC4330_M4\TOOLCHAIN_ARM_STD -o C:\Projects\mbed-work\mbed-master-new\build\mbed\.temp\TARGET_LPC4330_M4\TOOLCHAIN_ARM_STD\.\board.o C:\Projects\mbed-work\mbed-master-new\libraries\mbed\common\board.c
Compile: error.c
C:/Keil/ARM\ARMCC\bin\armcc -c --cpu=Cortex-M4.fp --gnu -Otime --split_sections --apcs=interwork --brief_diagnostics --restrict -O3 --md --no_depend_system_headers -IC:/Keil/ARM\INC --c99 -D__ASSERT_MSG -DTARGET_LPC4330_M4 -DTARGET_M4 -DTARGET_NXP -DTARGET_LPC43XX -DTOOLCHAIN_ARM_STD -DTOOLCHAIN_ARM -D__CORTEX_M4 -DARM_MATH_CM4 -D__FPU_PRESENT=1 -DMBED_BUILD_TIMESTAMP=1404266713.54 -D__MBED__=1 -IC:\Projects\mbed-work\mbed-master-new\libraries\mbed\common -IC:\Projects\mbed-work\mbed-master-new\build\mbed -IC:\Projects\mbed-work\mbed-master-new\build\mbed\TARGET_LPC4330_M4 -IC:\Projects\mbed-work\mbed-master-new\build\mbed\TARGET_LPC4330_M4\TARGET_NXP -IC:\Projects\mbed-work\mbed-master-new\build\mbed\TARGET_LPC4330_M4\TARGET_NXP\TARGET_LPC43XX -IC:\Projects\mbed-work\mbed-master-new\build\mbed\TARGET_LPC4330_M4\TOOLCHAIN_ARM_STD -o C:\Projects\mbed-work\mbed-master-new\build\mbed\.temp\TARGET_LPC4330_M4\TOOLCHAIN_ARM_STD\.\error.o C:\Projects\mbed-work\mbed-master-new\libraries\mbed\common\error.c
Compile: exit.c
C:/Keil/ARM\ARMCC\bin\armcc -c --cpu=Cortex-M4.fp --gnu -Otime --split_sections --apcs=interwork --brief_diagnostics --restrict -O3 --md --no_depend_system_headers -IC:/Keil/ARM\INC --c99 -D__ASSERT_MSG -DTARGET_LPC4330_M4 -DTARGET_M4 -DTARGET_NXP -DTARGET_LPC43XX -DTOOLCHAIN_ARM_STD -DTOOLCHAIN_ARM -D__CORTEX_M4 -DARM_MATH_CM4 -D__FPU_PRESENT=1 -DMBED_BUILD_TIMESTAMP=1404266713.54 -D__MBED__=1 -IC:\Projects\mbed-work\mbed-master-new\libraries\mbed\common -IC:\Projects\mbed-work\mbed-master-new\build\mbed -IC:\Projects\mbed-work\mbed-master-new\build\mbed\TARGET_LPC4330_M4 -IC:\Projects\mbed-work\mbed-master-new\build\mbed\TARGET_LPC4330_M4\TARGET_NXP -IC:\Projects\mbed-work\mbed-master-new\build\mbed\TARGET_LPC4330_M4\TARGET_NXP\TARGET_LPC43XX -IC:\Projects\mbed-work\mbed-master-new\build\mbed\TARGET_LPC4330_M4\TOOLCHAIN_ARM_STD -o C:\Projects\mbed-work\mbed-master-new\build\mbed\.temp\TARGET_LPC4330_M4\TOOLCHAIN_ARM_STD\.\exit.o C:\Projects\mbed-work\mbed-master-new\libraries\mbed\common\exit.c
Compile: gpio.c
C:/Keil/ARM\ARMCC\bin\armcc -c --cpu=Cortex-M4.fp --gnu -Otime --split_sections --apcs=interwork --brief_diagnostics --restrict -O3 --md --no_depend_system_headers -IC:/Keil/ARM\INC --c99 -D__ASSERT_MSG -DTARGET_LPC4330_M4 -DTARGET_M4 -DTARGET_NXP -DTARGET_LPC43XX -DTOOLCHAIN_ARM_STD -DTOOLCHAIN_ARM -D__CORTEX_M4 -DARM_MATH_CM4 -D__FPU_PRESENT=1 -DMBED_BUILD_TIMESTAMP=1404266713.54 -D__MBED__=1 -IC:\Projects\mbed-work\mbed-master-new\libraries\mbed\common -IC:\Projects\mbed-work\mbed-master-new\build\mbed -IC:\Projects\mbed-work\mbed-master-new\build\mbed\TARGET_LPC4330_M4 -IC:\Projects\mbed-work\mbed-master-new\build\mbed\TARGET_LPC4330_M4\TARGET_NXP -IC:\Projects\mbed-work\mbed-master-new\build\mbed\TARGET_LPC4330_M4\TARGET_NXP\TARGET_LPC43XX -IC:\Projects\mbed-work\mbed-master-new\build\mbed\TARGET_LPC4330_M4\TOOLCHAIN_ARM_STD -o C:\Projects\mbed-work\mbed-master-new\build\mbed\.temp\TARGET_LPC4330_M4\TOOLCHAIN_ARM_STD\.\gpio.o C:\Projects\mbed-work\mbed-master-new\libraries\mbed\common\gpio.c
Compile: mbed_interface.c
C:/Keil/ARM\ARMCC\bin\armcc -c --cpu=Cortex-M4.fp --gnu -Otime --split_sections --apcs=interwork --brief_diagnostics --restrict -O3 --md --no_depend_system_headers -IC:/Keil/ARM\INC --c99 -D__ASSERT_MSG -DTARGET_LPC4330_M4 -DTARGET_M4 -DTARGET_NXP -DTARGET_LPC43XX -DTOOLCHAIN_ARM_STD -DTOOLCHAIN_ARM -D__CORTEX_M4 -DARM_MATH_CM4 -D__FPU_PRESENT=1 -DMBED_BUILD_TIMESTAMP=1404266713.54 -D__MBED__=1 -IC:\Projects\mbed-work\mbed-master-new\libraries\mbed\common -IC:\Projects\mbed-work\mbed-master-new\build\mbed -IC:\Projects\mbed-work\mbed-master-new\build\mbed\TARGET_LPC4330_M4 -IC:\Projects\mbed-work\mbed-master-new\build\mbed\TARGET_LPC4330_M4\TARGET_NXP -IC:\Projects\mbed-work\mbed-master-new\build\mbed\TARGET_LPC4330_M4\TARGET_NXP\TARGET_LPC43XX -IC:\Projects\mbed-work\mbed-master-new\build\mbed\TARGET_LPC4330_M4\TOOLCHAIN_ARM_STD -o C:\Projects\mbed-work\mbed-master-new\build\mbed\.temp\TARGET_LPC4330_M4\TOOLCHAIN_ARM_STD\.\mbed_interface.o C:\Projects\mbed-work\mbed-master-new\libraries\mbed\common\mbed_interface.c
Compile: pinmap_common.c
C:/Keil/ARM\ARMCC\bin\armcc -c --cpu=Cortex-M4.fp --gnu -Otime --split_sections --apcs=interwork --brief_diagnostics --restrict -O3 --md --no_depend_system_headers -IC:/Keil/ARM\INC --c99 -D__ASSERT_MSG -DTARGET_LPC4330_M4 -DTARGET_M4 -DTARGET_NXP -DTARGET_LPC43XX -DTOOLCHAIN_ARM_STD -DTOOLCHAIN_ARM -D__CORTEX_M4 -DARM_MATH_CM4 -D__FPU_PRESENT=1 -DMBED_BUILD_TIMESTAMP=1404266713.54 -D__MBED__=1 -IC:\Projects\mbed-work\mbed-master-new\libraries\mbed\common -IC:\Projects\mbed-work\mbed-master-new\build\mbed -IC:\Projects\mbed-work\mbed-master-new\build\mbed\TARGET_LPC4330_M4 -IC:\Projects\mbed-work\mbed-master-new\build\mbed\TARGET_LPC4330_M4\TARGET_NXP -IC:\Projects\mbed-work\mbed-master-new\build\mbed\TARGET_LPC4330_M4\TARGET_NXP\TARGET_LPC43XX -IC:\Projects\mbed-work\mbed-master-new\build\mbed\TARGET_LPC4330_M4\TOOLCHAIN_ARM_STD -o C:\Projects\mbed-work\mbed-master-new\build\mbed\.temp\TARGET_LPC4330_M4\TOOLCHAIN_ARM_STD\.\pinmap_common.o C:\Projects\mbed-work\mbed-master-new\libraries\mbed\common\pinmap_common.c
Compile: rtc_time.c
C:/Keil/ARM\ARMCC\bin\armcc -c --cpu=Cortex-M4.fp --gnu -Otime --split_sections --apcs=interwork --brief_diagnostics --restrict -O3 --md --no_depend_system_headers -IC:/Keil/ARM\INC --c99 -D__ASSERT_MSG -DTARGET_LPC4330_M4 -DTARGET_M4 -DTARGET_NXP -DTARGET_LPC43XX -DTOOLCHAIN_ARM_STD -DTOOLCHAIN_ARM -D__CORTEX_M4 -DARM_MATH_CM4 -D__FPU_PRESENT=1 -DMBED_BUILD_TIMESTAMP=1404266713.54 -D__MBED__=1 -IC:\Projects\mbed-work\mbed-master-new\libraries\mbed\common -IC:\Projects\mbed-work\mbed-master-new\build\mbed -IC:\Projects\mbed-work\mbed-master-new\build\mbed\TARGET_LPC4330_M4 -IC:\Projects\mbed-work\mbed-master-new\build\mbed\TARGET_LPC4330_M4\TARGET_NXP -IC:\Projects\mbed-work\mbed-master-new\build\mbed\TARGET_LPC4330_M4\TARGET_NXP\TARGET_LPC43XX -IC:\Projects\mbed-work\mbed-master-new\build\mbed\TARGET_LPC4330_M4\TOOLCHAIN_ARM_STD -o C:\Projects\mbed-work\mbed-master-new\build\mbed\.temp\TARGET_LPC4330_M4\TOOLCHAIN_ARM_STD\.\rtc_time.o C:\Projects\mbed-work\mbed-master-new\libraries\mbed\common\rtc_time.c
Compile: semihost_api.c
C:/Keil/ARM\ARMCC\bin\armcc -c --cpu=Cortex-M4.fp --gnu -Otime --split_sections --apcs=interwork --brief_diagnostics --restrict -O3 --md --no_depend_system_headers -IC:/Keil/ARM\INC --c99 -D__ASSERT_MSG -DTARGET_LPC4330_M4 -DTARGET_M4 -DTARGET_NXP -DTARGET_LPC43XX -DTOOLCHAIN_ARM_STD -DTOOLCHAIN_ARM -D__CORTEX_M4 -DARM_MATH_CM4 -D__FPU_PRESENT=1 -DMBED_BUILD_TIMESTAMP=1404266713.54 -D__MBED__=1 -IC:\Projects\mbed-work\mbed-master-new\libraries\mbed\common -IC:\Projects\mbed-work\mbed-master-new\build\mbed -IC:\Projects\mbed-work\mbed-master-new\build\mbed\TARGET_LPC4330_M4 -IC:\Projects\mbed-work\mbed-master-new\build\mbed\TARGET_LPC4330_M4\TARGET_NXP -IC:\Projects\mbed-work\mbed-master-new\build\mbed\TARGET_LPC4330_M4\TARGET_NXP\TARGET_LPC43XX -IC:\Projects\mbed-work\mbed-master-new\build\mbed\TARGET_LPC4330_M4\TOOLCHAIN_ARM_STD -o C:\Projects\mbed-work\mbed-master-new\build\mbed\.temp\TARGET_LPC4330_M4\TOOLCHAIN_ARM_STD\.\semihost_api.o C:\Projects\mbed-work\mbed-master-new\libraries\mbed\common\semihost_api.c
Compile: us_ticker_api.c
C:/Keil/ARM\ARMCC\bin\armcc -c --cpu=Cortex-M4.fp --gnu -Otime --split_sections --apcs=interwork --brief_diagnostics --restrict -O3 --md --no_depend_system_headers -IC:/Keil/ARM\INC --c99 -D__ASSERT_MSG -DTARGET_LPC4330_M4 -DTARGET_M4 -DTARGET_NXP -DTARGET_LPC43XX -DTOOLCHAIN_ARM_STD -DTOOLCHAIN_ARM -D__CORTEX_M4 -DARM_MATH_CM4 -D__FPU_PRESENT=1 -DMBED_BUILD_TIMESTAMP=1404266713.54 -D__MBED__=1 -IC:\Projects\mbed-work\mbed-master-new\libraries\mbed\common -IC:\Projects\mbed-work\mbed-master-new\build\mbed -IC:\Projects\mbed-work\mbed-master-new\build\mbed\TARGET_LPC4330_M4 -IC:\Projects\mbed-work\mbed-master-new\build\mbed\TARGET_LPC4330_M4\TARGET_NXP -IC:\Projects\mbed-work\mbed-master-new\build\mbed\TARGET_LPC4330_M4\TARGET_NXP\TARGET_LPC43XX -IC:\Projects\mbed-work\mbed-master-new\build\mbed\TARGET_LPC4330_M4\TOOLCHAIN_ARM_STD -o C:\Projects\mbed-work\mbed-master-new\build\mbed\.temp\TARGET_LPC4330_M4\TOOLCHAIN_ARM_STD\.\us_ticker_api.o C:\Projects\mbed-work\mbed-master-new\libraries\mbed\common\us_ticker_api.c
Compile: wait_api.c
C:/Keil/ARM\ARMCC\bin\armcc -c --cpu=Cortex-M4.fp --gnu -Otime --split_sections --apcs=interwork --brief_diagnostics --restrict -O3 --md --no_depend_system_headers -IC:/Keil/ARM\INC --c99 -D__ASSERT_MSG -DTARGET_LPC4330_M4 -DTARGET_M4 -DTARGET_NXP -DTARGET_LPC43XX -DTOOLCHAIN_ARM_STD -DTOOLCHAIN_ARM -D__CORTEX_M4 -DARM_MATH_CM4 -D__FPU_PRESENT=1 -DMBED_BUILD_TIMESTAMP=1404266713.54 -D__MBED__=1 -IC:\Projects\mbed-work\mbed-master-new\libraries\mbed\common -IC:\Projects\mbed-work\mbed-master-new\build\mbed -IC:\Projects\mbed-work\mbed-master-new\build\mbed\TARGET_LPC4330_M4 -IC:\Projects\mbed-work\mbed-master-new\build\mbed\TARGET_LPC4330_M4\TARGET_NXP -IC:\Projects\mbed-work\mbed-master-new\build\mbed\TARGET_LPC4330_M4\TARGET_NXP\TARGET_LPC43XX -IC:\Projects\mbed-work\mbed-master-new\build\mbed\TARGET_LPC4330_M4\TOOLCHAIN_ARM_STD -o C:\Projects\mbed-work\mbed-master-new\build\mbed\.temp\TARGET_LPC4330_M4\TOOLCHAIN_ARM_STD\.\wait_api.o C:\Projects\mbed-work\mbed-master-new\libraries\mbed\common\wait_api.c
Compile: BusIn.cpp
C:/Keil/ARM\ARMCC\bin\armcc -c --cpu=Cortex-M4.fp --gnu -Otime --split_sections --apcs=interwork --brief_diagnostics --restrict -O3 --md --no_depend_system_headers -IC:/Keil/ARM\INC --cpp --no_rtti -D__ASSERT_MSG -DTARGET_LPC4330_M4 -DTARGET_M4 -DTARGET_NXP -DTARGET_LPC43XX -DTOOLCHAIN_ARM_STD -DTOOLCHAIN_ARM -D__CORTEX_M4 -DARM_MATH_CM4 -D__FPU_PRESENT=1 -DMBED_BUILD_TIMESTAMP=1404266713.54 -D__MBED__=1 -IC:\Projects\mbed-work\mbed-master-new\libraries\mbed\common -IC:\Projects\mbed-work\mbed-master-new\build\mbed -IC:\Projects\mbed-work\mbed-master-new\build\mbed\TARGET_LPC4330_M4 -IC:\Projects\mbed-work\mbed-master-new\build\mbed\TARGET_LPC4330_M4\TARGET_NXP -IC:\Projects\mbed-work\mbed-master-new\build\mbed\TARGET_LPC4330_M4\TARGET_NXP\TARGET_LPC43XX -IC:\Projects\mbed-work\mbed-master-new\build\mbed\TARGET_LPC4330_M4\TOOLCHAIN_ARM_STD -o C:\Projects\mbed-work\mbed-master-new\build\mbed\.temp\TARGET_LPC4330_M4\TOOLCHAIN_ARM_STD\.\BusIn.o C:\Projects\mbed-work\mbed-master-new\libraries\mbed\common\BusIn.cpp
Compile: BusInOut.cpp
C:/Keil/ARM\ARMCC\bin\armcc -c --cpu=Cortex-M4.fp --gnu -Otime --split_sections --apcs=interwork --brief_diagnostics --restrict -O3 --md --no_depend_system_headers -IC:/Keil/ARM\INC --cpp --no_rtti -D__ASSERT_MSG -DTARGET_LPC4330_M4 -DTARGET_M4 -DTARGET_NXP -DTARGET_LPC43XX -DTOOLCHAIN_ARM_STD -DTOOLCHAIN_ARM -D__CORTEX_M4 -DARM_MATH_CM4 -D__FPU_PRESENT=1 -DMBED_BUILD_TIMESTAMP=1404266713.54 -D__MBED__=1 -IC:\Projects\mbed-work\mbed-master-new\libraries\mbed\common -IC:\Projects\mbed-work\mbed-master-new\build\mbed -IC:\Projects\mbed-work\mbed-master-new\build\mbed\TARGET_LPC4330_M4 -IC:\Projects\mbed-work\mbed-master-new\build\mbed\TARGET_LPC4330_M4\TARGET_NXP -IC:\Projects\mbed-work\mbed-master-new\build\mbed\TARGET_LPC4330_M4\TARGET_NXP\TARGET_LPC43XX -IC:\Projects\mbed-work\mbed-master-new\build\mbed\TARGET_LPC4330_M4\TOOLCHAIN_ARM_STD -o C:\Projects\mbed-work\mbed-master-new\build\mbed\.temp\TARGET_LPC4330_M4\TOOLCHAIN_ARM_STD\.\BusInOut.o C:\Projects\mbed-work\mbed-master-new\libraries\mbed\common\BusInOut.cpp
Compile: BusOut.cpp
C:/Keil/ARM\ARMCC\bin\armcc -c --cpu=Cortex-M4.fp --gnu -Otime --split_sections --apcs=interwork --brief_diagnostics --restrict -O3 --md --no_depend_system_headers -IC:/Keil/ARM\INC --cpp --no_rtti -D__ASSERT_MSG -DTARGET_LPC4330_M4 -DTARGET_M4 -DTARGET_NXP -DTARGET_LPC43XX -DTOOLCHAIN_ARM_STD -DTOOLCHAIN_ARM -D__CORTEX_M4 -DARM_MATH_CM4 -D__FPU_PRESENT=1 -DMBED_BUILD_TIMESTAMP=1404266713.54 -D__MBED__=1 -IC:\Projects\mbed-work\mbed-master-new\libraries\mbed\common -IC:\Projects\mbed-work\mbed-master-new\build\mbed -IC:\Projects\mbed-work\mbed-master-new\build\mbed\TARGET_LPC4330_M4 -IC:\Projects\mbed-work\mbed-master-new\build\mbed\TARGET_LPC4330_M4\TARGET_NXP -IC:\Projects\mbed-work\mbed-master-new\build\mbed\TARGET_LPC4330_M4\TARGET_NXP\TARGET_LPC43XX -IC:\Projects\mbed-work\mbed-master-new\build\mbed\TARGET_LPC4330_M4\TOOLCHAIN_ARM_STD -o C:\Projects\mbed-work\mbed-master-new\build\mbed\.temp\TARGET_LPC4330_M4\TOOLCHAIN_ARM_STD\.\BusOut.o C:\Projects\mbed-work\mbed-master-new\libraries\mbed\common\BusOut.cpp
Compile: CallChain.cpp
C:/Keil/ARM\ARMCC\bin\armcc -c --cpu=Cortex-M4.fp --gnu -Otime --split_sections --apcs=interwork --brief_diagnostics --restrict -O3 --md --no_depend_system_headers -IC:/Keil/ARM\INC --cpp --no_rtti -D__ASSERT_MSG -DTARGET_LPC4330_M4 -DTARGET_M4 -DTARGET_NXP -DTARGET_LPC43XX -DTOOLCHAIN_ARM_STD -DTOOLCHAIN_ARM -D__CORTEX_M4 -DARM_MATH_CM4 -D__FPU_PRESENT=1 -DMBED_BUILD_TIMESTAMP=1404266713.54 -D__MBED__=1 -IC:\Projects\mbed-work\mbed-master-new\libraries\mbed\common -IC:\Projects\mbed-work\mbed-master-new\build\mbed -IC:\Projects\mbed-work\mbed-master-new\build\mbed\TARGET_LPC4330_M4 -IC:\Projects\mbed-work\mbed-master-new\build\mbed\TARGET_LPC4330_M4\TARGET_NXP -IC:\Projects\mbed-work\mbed-master-new\build\mbed\TARGET_LPC4330_M4\TARGET_NXP\TARGET_LPC43XX -IC:\Projects\mbed-work\mbed-master-new\build\mbed\TARGET_LPC4330_M4\TOOLCHAIN_ARM_STD -o C:\Projects\mbed-work\mbed-master-new\build\mbed\.temp\TARGET_LPC4330_M4\TOOLCHAIN_ARM_STD\.\CallChain.o C:\Projects\mbed-work\mbed-master-new\libraries\mbed\common\CallChain.cpp
Compile: CAN.cpp
C:/Keil/ARM\ARMCC\bin\armcc -c --cpu=Cortex-M4.fp --gnu -Otime --split_sections --apcs=interwork --brief_diagnostics --restrict -O3 --md --no_depend_system_headers -IC:/Keil/ARM\INC --cpp --no_rtti -D__ASSERT_MSG -DTARGET_LPC4330_M4 -DTARGET_M4 -DTARGET_NXP -DTARGET_LPC43XX -DTOOLCHAIN_ARM_STD -DTOOLCHAIN_ARM -D__CORTEX_M4 -DARM_MATH_CM4 -D__FPU_PRESENT=1 -DMBED_BUILD_TIMESTAMP=1404266713.54 -D__MBED__=1 -IC:\Projects\mbed-work\mbed-master-new\libraries\mbed\common -IC:\Projects\mbed-work\mbed-master-new\build\mbed -IC:\Projects\mbed-work\mbed-master-new\build\mbed\TARGET_LPC4330_M4 -IC:\Projects\mbed-work\mbed-master-new\build\mbed\TARGET_LPC4330_M4\TARGET_NXP -IC:\Projects\mbed-work\mbed-master-new\build\mbed\TARGET_LPC4330_M4\TARGET_NXP\TARGET_LPC43XX -IC:\Projects\mbed-work\mbed-master-new\build\mbed\TARGET_LPC4330_M4\TOOLCHAIN_ARM_STD -o C:\Projects\mbed-work\mbed-master-new\build\mbed\.temp\TARGET_LPC4330_M4\TOOLCHAIN_ARM_STD\.\CAN.o C:\Projects\mbed-work\mbed-master-new\libraries\mbed\common\CAN.cpp
Compile: Ethernet.cpp
C:/Keil/ARM\ARMCC\bin\armcc -c --cpu=Cortex-M4.fp --gnu -Otime --split_sections --apcs=interwork --brief_diagnostics --restrict -O3 --md --no_depend_system_headers -IC:/Keil/ARM\INC --cpp --no_rtti -D__ASSERT_MSG -DTARGET_LPC4330_M4 -DTARGET_M4 -DTARGET_NXP -DTARGET_LPC43XX -DTOOLCHAIN_ARM_STD -DTOOLCHAIN_ARM -D__CORTEX_M4 -DARM_MATH_CM4 -D__FPU_PRESENT=1 -DMBED_BUILD_TIMESTAMP=1404266713.54 -D__MBED__=1 -IC:\Projects\mbed-work\mbed-master-new\libraries\mbed\common -IC:\Projects\mbed-work\mbed-master-new\build\mbed -IC:\Projects\mbed-work\mbed-master-new\build\mbed\TARGET_LPC4330_M4 -IC:\Projects\mbed-work\mbed-master-new\build\mbed\TARGET_LPC4330_M4\TARGET_NXP -IC:\Projects\mbed-work\mbed-master-new\build\mbed\TARGET_LPC4330_M4\TARGET_NXP\TARGET_LPC43XX -IC:\Projects\mbed-work\mbed-master-new\build\mbed\TARGET_LPC4330_M4\TOOLCHAIN_ARM_STD -o C:\Projects\mbed-work\mbed-master-new\build\mbed\.temp\TARGET_LPC4330_M4\TOOLCHAIN_ARM_STD\.\Ethernet.o C:\Projects\mbed-work\mbed-master-new\libraries\mbed\common\Ethernet.cpp
Compile: FileBase.cpp
C:/Keil/ARM\ARMCC\bin\armcc -c --cpu=Cortex-M4.fp --gnu -Otime --split_sections --apcs=interwork --brief_diagnostics --restrict -O3 --md --no_depend_system_headers -IC:/Keil/ARM\INC --cpp --no_rtti -D__ASSERT_MSG -DTARGET_LPC4330_M4 -DTARGET_M4 -DTARGET_NXP -DTARGET_LPC43XX -DTOOLCHAIN_ARM_STD -DTOOLCHAIN_ARM -D__CORTEX_M4 -DARM_MATH_CM4 -D__FPU_PRESENT=1 -DMBED_BUILD_TIMESTAMP=1404266713.54 -D__MBED__=1 -IC:\Projects\mbed-work\mbed-master-new\libraries\mbed\common -IC:\Projects\mbed-work\mbed-master-new\build\mbed -IC:\Projects\mbed-work\mbed-master-new\build\mbed\TARGET_LPC4330_M4 -IC:\Projects\mbed-work\mbed-master-new\build\mbed\TARGET_LPC4330_M4\TARGET_NXP -IC:\Projects\mbed-work\mbed-master-new\build\mbed\TARGET_LPC4330_M4\TARGET_NXP\TARGET_LPC43XX -IC:\Projects\mbed-work\mbed-master-new\build\mbed\TARGET_LPC4330_M4\TOOLCHAIN_ARM_STD -o C:\Projects\mbed-work\mbed-master-new\build\mbed\.temp\TARGET_LPC4330_M4\TOOLCHAIN_ARM_STD\.\FileBase.o C:\Projects\mbed-work\mbed-master-new\libraries\mbed\common\FileBase.cpp
Compile: FileLike.cpp
C:/Keil/ARM\ARMCC\bin\armcc -c --cpu=Cortex-M4.fp --gnu -Otime --split_sections --apcs=interwork --brief_diagnostics --restrict -O3 --md --no_depend_system_headers -IC:/Keil/ARM\INC --cpp --no_rtti -D__ASSERT_MSG -DTARGET_LPC4330_M4 -DTARGET_M4 -DTARGET_NXP -DTARGET_LPC43XX -DTOOLCHAIN_ARM_STD -DTOOLCHAIN_ARM -D__CORTEX_M4 -DARM_MATH_CM4 -D__FPU_PRESENT=1 -DMBED_BUILD_TIMESTAMP=1404266713.54 -D__MBED__=1 -IC:\Projects\mbed-work\mbed-master-new\libraries\mbed\common -IC:\Projects\mbed-work\mbed-master-new\build\mbed -IC:\Projects\mbed-work\mbed-master-new\build\mbed\TARGET_LPC4330_M4 -IC:\Projects\mbed-work\mbed-master-new\build\mbed\TARGET_LPC4330_M4\TARGET_NXP -IC:\Projects\mbed-work\mbed-master-new\build\mbed\TARGET_LPC4330_M4\TARGET_NXP\TARGET_LPC43XX -IC:\Projects\mbed-work\mbed-master-new\build\mbed\TARGET_LPC4330_M4\TOOLCHAIN_ARM_STD -o C:\Projects\mbed-work\mbed-master-new\build\mbed\.temp\TARGET_LPC4330_M4\TOOLCHAIN_ARM_STD\.\FileLike.o C:\Projects\mbed-work\mbed-master-new\libraries\mbed\common\FileLike.cpp
Compile: FilePath.cpp
C:/Keil/ARM\ARMCC\bin\armcc -c --cpu=Cortex-M4.fp --gnu -Otime --split_sections --apcs=interwork --brief_diagnostics --restrict -O3 --md --no_depend_system_headers -IC:/Keil/ARM\INC --cpp --no_rtti -D__ASSERT_MSG -DTARGET_LPC4330_M4 -DTARGET_M4 -DTARGET_NXP -DTARGET_LPC43XX -DTOOLCHAIN_ARM_STD -DTOOLCHAIN_ARM -D__CORTEX_M4 -DARM_MATH_CM4 -D__FPU_PRESENT=1 -DMBED_BUILD_TIMESTAMP=1404266713.54 -D__MBED__=1 -IC:\Projects\mbed-work\mbed-master-new\libraries\mbed\common -IC:\Projects\mbed-work\mbed-master-new\build\mbed -IC:\Projects\mbed-work\mbed-master-new\build\mbed\TARGET_LPC4330_M4 -IC:\Projects\mbed-work\mbed-master-new\build\mbed\TARGET_LPC4330_M4\TARGET_NXP -IC:\Projects\mbed-work\mbed-master-new\build\mbed\TARGET_LPC4330_M4\TARGET_NXP\TARGET_LPC43XX -IC:\Projects\mbed-work\mbed-master-new\build\mbed\TARGET_LPC4330_M4\TOOLCHAIN_ARM_STD -o C:\Projects\mbed-work\mbed-master-new\build\mbed\.temp\TARGET_LPC4330_M4\TOOLCHAIN_ARM_STD\.\FilePath.o C:\Projects\mbed-work\mbed-master-new\libraries\mbed\common\FilePath.cpp
Compile: FileSystemLike.cpp
C:/Keil/ARM\ARMCC\bin\armcc -c --cpu=Cortex-M4.fp --gnu -Otime --split_sections --apcs=interwork --brief_diagnostics --restrict -O3 --md --no_depend_system_headers -IC:/Keil/ARM\INC --cpp --no_rtti -D__ASSERT_MSG -DTARGET_LPC4330_M4 -DTARGET_M4 -DTARGET_NXP -DTARGET_LPC43XX -DTOOLCHAIN_ARM_STD -DTOOLCHAIN_ARM -D__CORTEX_M4 -DARM_MATH_CM4 -D__FPU_PRESENT=1 -DMBED_BUILD_TIMESTAMP=1404266713.54 -D__MBED__=1 -IC:\Projects\mbed-work\mbed-master-new\libraries\mbed\common -IC:\Projects\mbed-work\mbed-master-new\build\mbed -IC:\Projects\mbed-work\mbed-master-new\build\mbed\TARGET_LPC4330_M4 -IC:\Projects\mbed-work\mbed-master-new\build\mbed\TARGET_LPC4330_M4\TARGET_NXP -IC:\Projects\mbed-work\mbed-master-new\build\mbed\TARGET_LPC4330_M4\TARGET_NXP\TARGET_LPC43XX -IC:\Projects\mbed-work\mbed-master-new\build\mbed\TARGET_LPC4330_M4\TOOLCHAIN_ARM_STD -o C:\Projects\mbed-work\mbed-master-new\build\mbed\.temp\TARGET_LPC4330_M4\TOOLCHAIN_ARM_STD\.\FileSystemLike.o C:\Projects\mbed-work\mbed-master-new\libraries\mbed\common\FileSystemLike.cpp
Compile: FunctionPointer.cpp
C:/Keil/ARM\ARMCC\bin\armcc -c --cpu=Cortex-M4.fp --gnu -Otime --split_sections --apcs=interwork --brief_diagnostics --restrict -O3 --md --no_depend_system_headers -IC:/Keil/ARM\INC --cpp --no_rtti -D__ASSERT_MSG -DTARGET_LPC4330_M4 -DTARGET_M4 -DTARGET_NXP -DTARGET_LPC43XX -DTOOLCHAIN_ARM_STD -DTOOLCHAIN_ARM -D__CORTEX_M4 -DARM_MATH_CM4 -D__FPU_PRESENT=1 -DMBED_BUILD_TIMESTAMP=1404266713.54 -D__MBED__=1 -IC:\Projects\mbed-work\mbed-master-new\libraries\mbed\common -IC:\Projects\mbed-work\mbed-master-new\build\mbed -IC:\Projects\mbed-work\mbed-master-new\build\mbed\TARGET_LPC4330_M4 -IC:\Projects\mbed-work\mbed-master-new\build\mbed\TARGET_LPC4330_M4\TARGET_NXP -IC:\Projects\mbed-work\mbed-master-new\build\mbed\TARGET_LPC4330_M4\TARGET_NXP\TARGET_LPC43XX -IC:\Projects\mbed-work\mbed-master-new\build\mbed\TARGET_LPC4330_M4\TOOLCHAIN_ARM_STD -o C:\Projects\mbed-work\mbed-master-new\build\mbed\.temp\TARGET_LPC4330_M4\TOOLCHAIN_ARM_STD\.\FunctionPointer.o C:\Projects\mbed-work\mbed-master-new\libraries\mbed\common\FunctionPointer.cpp
Compile: I2C.cpp
C:/Keil/ARM\ARMCC\bin\armcc -c --cpu=Cortex-M4.fp --gnu -Otime --split_sections --apcs=interwork --brief_diagnostics --restrict -O3 --md --no_depend_system_headers -IC:/Keil/ARM\INC --cpp --no_rtti -D__ASSERT_MSG -DTARGET_LPC4330_M4 -DTARGET_M4 -DTARGET_NXP -DTARGET_LPC43XX -DTOOLCHAIN_ARM_STD -DTOOLCHAIN_ARM -D__CORTEX_M4 -DARM_MATH_CM4 -D__FPU_PRESENT=1 -DMBED_BUILD_TIMESTAMP=1404266713.54 -D__MBED__=1 -IC:\Projects\mbed-work\mbed-master-new\libraries\mbed\common -IC:\Projects\mbed-work\mbed-master-new\build\mbed -IC:\Projects\mbed-work\mbed-master-new\build\mbed\TARGET_LPC4330_M4 -IC:\Projects\mbed-work\mbed-master-new\build\mbed\TARGET_LPC4330_M4\TARGET_NXP -IC:\Projects\mbed-work\mbed-master-new\build\mbed\TARGET_LPC4330_M4\TARGET_NXP\TARGET_LPC43XX -IC:\Projects\mbed-work\mbed-master-new\build\mbed\TARGET_LPC4330_M4\TOOLCHAIN_ARM_STD -o C:\Projects\mbed-work\mbed-master-new\build\mbed\.temp\TARGET_LPC4330_M4\TOOLCHAIN_ARM_STD\.\I2C.o C:\Projects\mbed-work\mbed-master-new\libraries\mbed\common\I2C.cpp
Compile: I2CSlave.cpp
C:/Keil/ARM\ARMCC\bin\armcc -c --cpu=Cortex-M4.fp --gnu -Otime --split_sections --apcs=interwork --brief_diagnostics --restrict -O3 --md --no_depend_system_headers -IC:/Keil/ARM\INC --cpp --no_rtti -D__ASSERT_MSG -DTARGET_LPC4330_M4 -DTARGET_M4 -DTARGET_NXP -DTARGET_LPC43XX -DTOOLCHAIN_ARM_STD -DTOOLCHAIN_ARM -D__CORTEX_M4 -DARM_MATH_CM4 -D__FPU_PRESENT=1 -DMBED_BUILD_TIMESTAMP=1404266713.54 -D__MBED__=1 -IC:\Projects\mbed-work\mbed-master-new\libraries\mbed\common -IC:\Projects\mbed-work\mbed-master-new\build\mbed -IC:\Projects\mbed-work\mbed-master-new\build\mbed\TARGET_LPC4330_M4 -IC:\Projects\mbed-work\mbed-master-new\build\mbed\TARGET_LPC4330_M4\TARGET_NXP -IC:\Projects\mbed-work\mbed-master-new\build\mbed\TARGET_LPC4330_M4\TARGET_NXP\TARGET_LPC43XX -IC:\Projects\mbed-work\mbed-master-new\build\mbed\TARGET_LPC4330_M4\TOOLCHAIN_ARM_STD -o C:\Projects\mbed-work\mbed-master-new\build\mbed\.temp\TARGET_LPC4330_M4\TOOLCHAIN_ARM_STD\.\I2CSlave.o C:\Projects\mbed-work\mbed-master-new\libraries\mbed\common\I2CSlave.cpp
Compile: InterruptIn.cpp
C:/Keil/ARM\ARMCC\bin\armcc -c --cpu=Cortex-M4.fp --gnu -Otime --split_sections --apcs=interwork --brief_diagnostics --restrict -O3 --md --no_depend_system_headers -IC:/Keil/ARM\INC --cpp --no_rtti -D__ASSERT_MSG -DTARGET_LPC4330_M4 -DTARGET_M4 -DTARGET_NXP -DTARGET_LPC43XX -DTOOLCHAIN_ARM_STD -DTOOLCHAIN_ARM -D__CORTEX_M4 -DARM_MATH_CM4 -D__FPU_PRESENT=1 -DMBED_BUILD_TIMESTAMP=1404266713.54 -D__MBED__=1 -IC:\Projects\mbed-work\mbed-master-new\libraries\mbed\common -IC:\Projects\mbed-work\mbed-master-new\build\mbed -IC:\Projects\mbed-work\mbed-master-new\build\mbed\TARGET_LPC4330_M4 -IC:\Projects\mbed-work\mbed-master-new\build\mbed\TARGET_LPC4330_M4\TARGET_NXP -IC:\Projects\mbed-work\mbed-master-new\build\mbed\TARGET_LPC4330_M4\TARGET_NXP\TARGET_LPC43XX -IC:\Projects\mbed-work\mbed-master-new\build\mbed\TARGET_LPC4330_M4\TOOLCHAIN_ARM_STD -o C:\Projects\mbed-work\mbed-master-new\build\mbed\.temp\TARGET_LPC4330_M4\TOOLCHAIN_ARM_STD\.\InterruptIn.o C:\Projects\mbed-work\mbed-master-new\libraries\mbed\common\InterruptIn.cpp
Compile: InterruptManager.cpp
C:/Keil/ARM\ARMCC\bin\armcc -c --cpu=Cortex-M4.fp --gnu -Otime --split_sections --apcs=interwork --brief_diagnostics --restrict -O3 --md --no_depend_system_headers -IC:/Keil/ARM\INC --cpp --no_rtti -D__ASSERT_MSG -DTARGET_LPC4330_M4 -DTARGET_M4 -DTARGET_NXP -DTARGET_LPC43XX -DTOOLCHAIN_ARM_STD -DTOOLCHAIN_ARM -D__CORTEX_M4 -DARM_MATH_CM4 -D__FPU_PRESENT=1 -DMBED_BUILD_TIMESTAMP=1404266713.54 -D__MBED__=1 -IC:\Projects\mbed-work\mbed-master-new\libraries\mbed\common -IC:\Projects\mbed-work\mbed-master-new\build\mbed -IC:\Projects\mbed-work\mbed-master-new\build\mbed\TARGET_LPC4330_M4 -IC:\Projects\mbed-work\mbed-master-new\build\mbed\TARGET_LPC4330_M4\TARGET_NXP -IC:\Projects\mbed-work\mbed-master-new\build\mbed\TARGET_LPC4330_M4\TARGET_NXP\TARGET_LPC43XX -IC:\Projects\mbed-work\mbed-master-new\build\mbed\TARGET_LPC4330_M4\TOOLCHAIN_ARM_STD -o C:\Projects\mbed-work\mbed-master-new\build\mbed\.temp\TARGET_LPC4330_M4\TOOLCHAIN_ARM_STD\.\InterruptManager.o C:\Projects\mbed-work\mbed-master-new\libraries\mbed\common\InterruptManager.cpp
Compile: LocalFileSystem.cpp
C:/Keil/ARM\ARMCC\bin\armcc -c --cpu=Cortex-M4.fp --gnu -Otime --split_sections --apcs=interwork --brief_diagnostics --restrict -O3 --md --no_depend_system_headers -IC:/Keil/ARM\INC --cpp --no_rtti -D__ASSERT_MSG -DTARGET_LPC4330_M4 -DTARGET_M4 -DTARGET_NXP -DTARGET_LPC43XX -DTOOLCHAIN_ARM_STD -DTOOLCHAIN_ARM -D__CORTEX_M4 -DARM_MATH_CM4 -D__FPU_PRESENT=1 -DMBED_BUILD_TIMESTAMP=1404266713.54 -D__MBED__=1 -IC:\Projects\mbed-work\mbed-master-new\libraries\mbed\common -IC:\Projects\mbed-work\mbed-master-new\build\mbed -IC:\Projects\mbed-work\mbed-master-new\build\mbed\TARGET_LPC4330_M4 -IC:\Projects\mbed-work\mbed-master-new\build\mbed\TARGET_LPC4330_M4\TARGET_NXP -IC:\Projects\mbed-work\mbed-master-new\build\mbed\TARGET_LPC4330_M4\TARGET_NXP\TARGET_LPC43XX -IC:\Projects\mbed-work\mbed-master-new\build\mbed\TARGET_LPC4330_M4\TOOLCHAIN_ARM_STD -o C:\Projects\mbed-work\mbed-master-new\build\mbed\.temp\TARGET_LPC4330_M4\TOOLCHAIN_ARM_STD\.\LocalFileSystem.o C:\Projects\mbed-work\mbed-master-new\libraries\mbed\common\LocalFileSystem.cpp
Compile: RawSerial.cpp
C:/Keil/ARM\ARMCC\bin\armcc -c --cpu=Cortex-M4.fp --gnu -Otime --split_sections --apcs=interwork --brief_diagnostics --restrict -O3 --md --no_depend_system_headers -IC:/Keil/ARM\INC --cpp --no_rtti -D__ASSERT_MSG -DTARGET_LPC4330_M4 -DTARGET_M4 -DTARGET_NXP -DTARGET_LPC43XX -DTOOLCHAIN_ARM_STD -DTOOLCHAIN_ARM -D__CORTEX_M4 -DARM_MATH_CM4 -D__FPU_PRESENT=1 -DMBED_BUILD_TIMESTAMP=1404266713.54 -D__MBED__=1 -IC:\Projects\mbed-work\mbed-master-new\libraries\mbed\common -IC:\Projects\mbed-work\mbed-master-new\build\mbed -IC:\Projects\mbed-work\mbed-master-new\build\mbed\TARGET_LPC4330_M4 -IC:\Projects\mbed-work\mbed-master-new\build\mbed\TARGET_LPC4330_M4\TARGET_NXP -IC:\Projects\mbed-work\mbed-master-new\build\mbed\TARGET_LPC4330_M4\TARGET_NXP\TARGET_LPC43XX -IC:\Projects\mbed-work\mbed-master-new\build\mbed\TARGET_LPC4330_M4\TOOLCHAIN_ARM_STD -o C:\Projects\mbed-work\mbed-master-new\build\mbed\.temp\TARGET_LPC4330_M4\TOOLCHAIN_ARM_STD\.\RawSerial.o C:\Projects\mbed-work\mbed-master-new\libraries\mbed\common\RawSerial.cpp
Compile: retarget.cpp
C:/Keil/ARM\ARMCC\bin\armcc -c --cpu=Cortex-M4.fp --gnu -Otime --split_sections --apcs=interwork --brief_diagnostics --restrict -O3 --md --no_depend_system_headers -IC:/Keil/ARM\INC --cpp --no_rtti -D__ASSERT_MSG -DTARGET_LPC4330_M4 -DTARGET_M4 -DTARGET_NXP -DTARGET_LPC43XX -DTOOLCHAIN_ARM_STD -DTOOLCHAIN_ARM -D__CORTEX_M4 -DARM_MATH_CM4 -D__FPU_PRESENT=1 -DMBED_BUILD_TIMESTAMP=1404266713.54 -D__MBED__=1 -IC:\Projects\mbed-work\mbed-master-new\libraries\mbed\common -IC:\Projects\mbed-work\mbed-master-new\build\mbed -IC:\Projects\mbed-work\mbed-master-new\build\mbed\TARGET_LPC4330_M4 -IC:\Projects\mbed-work\mbed-master-new\build\mbed\TARGET_LPC4330_M4\TARGET_NXP -IC:\Projects\mbed-work\mbed-master-new\build\mbed\TARGET_LPC4330_M4\TARGET_NXP\TARGET_LPC43XX -IC:\Projects\mbed-work\mbed-master-new\build\mbed\TARGET_LPC4330_M4\TOOLCHAIN_ARM_STD -o C:\Projects\mbed-work\mbed-master-new\build\mbed\.temp\TARGET_LPC4330_M4\TOOLCHAIN_ARM_STD\.\retarget.o C:\Projects\mbed-work\mbed-master-new\libraries\mbed\common\retarget.cpp
Compile: Serial.cpp
C:/Keil/ARM\ARMCC\bin\armcc -c --cpu=Cortex-M4.fp --gnu -Otime --split_sections --apcs=interwork --brief_diagnostics --restrict -O3 --md --no_depend_system_headers -IC:/Keil/ARM\INC --cpp --no_rtti -D__ASSERT_MSG -DTARGET_LPC4330_M4 -DTARGET_M4 -DTARGET_NXP -DTARGET_LPC43XX -DTOOLCHAIN_ARM_STD -DTOOLCHAIN_ARM -D__CORTEX_M4 -DARM_MATH_CM4 -D__FPU_PRESENT=1 -DMBED_BUILD_TIMESTAMP=1404266713.54 -D__MBED__=1 -IC:\Projects\mbed-work\mbed-master-new\libraries\mbed\common -IC:\Projects\mbed-work\mbed-master-new\build\mbed -IC:\Projects\mbed-work\mbed-master-new\build\mbed\TARGET_LPC4330_M4 -IC:\Projects\mbed-work\mbed-master-new\build\mbed\TARGET_LPC4330_M4\TARGET_NXP -IC:\Projects\mbed-work\mbed-master-new\build\mbed\TARGET_LPC4330_M4\TARGET_NXP\TARGET_LPC43XX -IC:\Projects\mbed-work\mbed-master-new\build\mbed\TARGET_LPC4330_M4\TOOLCHAIN_ARM_STD -o C:\Projects\mbed-work\mbed-master-new\build\mbed\.temp\TARGET_LPC4330_M4\TOOLCHAIN_ARM_STD\.\Serial.o C:\Projects\mbed-work\mbed-master-new\libraries\mbed\common\Serial.cpp
Compile: SerialBase.cpp
C:/Keil/ARM\ARMCC\bin\armcc -c --cpu=Cortex-M4.fp --gnu -Otime --split_sections --apcs=interwork --brief_diagnostics --restrict -O3 --md --no_depend_system_headers -IC:/Keil/ARM\INC --cpp --no_rtti -D__ASSERT_MSG -DTARGET_LPC4330_M4 -DTARGET_M4 -DTARGET_NXP -DTARGET_LPC43XX -DTOOLCHAIN_ARM_STD -DTOOLCHAIN_ARM -D__CORTEX_M4 -DARM_MATH_CM4 -D__FPU_PRESENT=1 -DMBED_BUILD_TIMESTAMP=1404266713.54 -D__MBED__=1 -IC:\Projects\mbed-work\mbed-master-new\libraries\mbed\common -IC:\Projects\mbed-work\mbed-master-new\build\mbed -IC:\Projects\mbed-work\mbed-master-new\build\mbed\TARGET_LPC4330_M4 -IC:\Projects\mbed-work\mbed-master-new\build\mbed\TARGET_LPC4330_M4\TARGET_NXP -IC:\Projects\mbed-work\mbed-master-new\build\mbed\TARGET_LPC4330_M4\TARGET_NXP\TARGET_LPC43XX -IC:\Projects\mbed-work\mbed-master-new\build\mbed\TARGET_LPC4330_M4\TOOLCHAIN_ARM_STD -o C:\Projects\mbed-work\mbed-master-new\build\mbed\.temp\TARGET_LPC4330_M4\TOOLCHAIN_ARM_STD\.\SerialBase.o C:\Projects\mbed-work\mbed-master-new\libraries\mbed\common\SerialBase.cpp
Compile: SPI.cpp
C:/Keil/ARM\ARMCC\bin\armcc -c --cpu=Cortex-M4.fp --gnu -Otime --split_sections --apcs=interwork --brief_diagnostics --restrict -O3 --md --no_depend_system_headers -IC:/Keil/ARM\INC --cpp --no_rtti -D__ASSERT_MSG -DTARGET_LPC4330_M4 -DTARGET_M4 -DTARGET_NXP -DTARGET_LPC43XX -DTOOLCHAIN_ARM_STD -DTOOLCHAIN_ARM -D__CORTEX_M4 -DARM_MATH_CM4 -D__FPU_PRESENT=1 -DMBED_BUILD_TIMESTAMP=1404266713.54 -D__MBED__=1 -IC:\Projects\mbed-work\mbed-master-new\libraries\mbed\common -IC:\Projects\mbed-work\mbed-master-new\build\mbed -IC:\Projects\mbed-work\mbed-master-new\build\mbed\TARGET_LPC4330_M4 -IC:\Projects\mbed-work\mbed-master-new\build\mbed\TARGET_LPC4330_M4\TARGET_NXP -IC:\Projects\mbed-work\mbed-master-new\build\mbed\TARGET_LPC4330_M4\TARGET_NXP\TARGET_LPC43XX -IC:\Projects\mbed-work\mbed-master-new\build\mbed\TARGET_LPC4330_M4\TOOLCHAIN_ARM_STD -o C:\Projects\mbed-work\mbed-master-new\build\mbed\.temp\TARGET_LPC4330_M4\TOOLCHAIN_ARM_STD\.\SPI.o C:\Projects\mbed-work\mbed-master-new\libraries\mbed\common\SPI.cpp
Compile: SPISlave.cpp
C:/Keil/ARM\ARMCC\bin\armcc -c --cpu=Cortex-M4.fp --gnu -Otime --split_sections --apcs=interwork --brief_diagnostics --restrict -O3 --md --no_depend_system_headers -IC:/Keil/ARM\INC --cpp --no_rtti -D__ASSERT_MSG -DTARGET_LPC4330_M4 -DTARGET_M4 -DTARGET_NXP -DTARGET_LPC43XX -DTOOLCHAIN_ARM_STD -DTOOLCHAIN_ARM -D__CORTEX_M4 -DARM_MATH_CM4 -D__FPU_PRESENT=1 -DMBED_BUILD_TIMESTAMP=1404266713.54 -D__MBED__=1 -IC:\Projects\mbed-work\mbed-master-new\libraries\mbed\common -IC:\Projects\mbed-work\mbed-master-new\build\mbed -IC:\Projects\mbed-work\mbed-master-new\build\mbed\TARGET_LPC4330_M4 -IC:\Projects\mbed-work\mbed-master-new\build\mbed\TARGET_LPC4330_M4\TARGET_NXP -IC:\Projects\mbed-work\mbed-master-new\build\mbed\TARGET_LPC4330_M4\TARGET_NXP\TARGET_LPC43XX -IC:\Projects\mbed-work\mbed-master-new\build\mbed\TARGET_LPC4330_M4\TOOLCHAIN_ARM_STD -o C:\Projects\mbed-work\mbed-master-new\build\mbed\.temp\TARGET_LPC4330_M4\TOOLCHAIN_ARM_STD\.\SPISlave.o C:\Projects\mbed-work\mbed-master-new\libraries\mbed\common\SPISlave.cpp
Compile: Stream.cpp
C:/Keil/ARM\ARMCC\bin\armcc -c --cpu=Cortex-M4.fp --gnu -Otime --split_sections --apcs=interwork --brief_diagnostics --restrict -O3 --md --no_depend_system_headers -IC:/Keil/ARM\INC --cpp --no_rtti -D__ASSERT_MSG -DTARGET_LPC4330_M4 -DTARGET_M4 -DTARGET_NXP -DTARGET_LPC43XX -DTOOLCHAIN_ARM_STD -DTOOLCHAIN_ARM -D__CORTEX_M4 -DARM_MATH_CM4 -D__FPU_PRESENT=1 -DMBED_BUILD_TIMESTAMP=1404266713.54 -D__MBED__=1 -IC:\Projects\mbed-work\mbed-master-new\libraries\mbed\common -IC:\Projects\mbed-work\mbed-master-new\build\mbed -IC:\Projects\mbed-work\mbed-master-new\build\mbed\TARGET_LPC4330_M4 -IC:\Projects\mbed-work\mbed-master-new\build\mbed\TARGET_LPC4330_M4\TARGET_NXP -IC:\Projects\mbed-work\mbed-master-new\build\mbed\TARGET_LPC4330_M4\TARGET_NXP\TARGET_LPC43XX -IC:\Projects\mbed-work\mbed-master-new\build\mbed\TARGET_LPC4330_M4\TOOLCHAIN_ARM_STD -o C:\Projects\mbed-work\mbed-master-new\build\mbed\.temp\TARGET_LPC4330_M4\TOOLCHAIN_ARM_STD\.\Stream.o C:\Projects\mbed-work\mbed-master-new\libraries\mbed\common\Stream.cpp
Compile: Ticker.cpp
C:/Keil/ARM\ARMCC\bin\armcc -c --cpu=Cortex-M4.fp --gnu -Otime --split_sections --apcs=interwork --brief_diagnostics --restrict -O3 --md --no_depend_system_headers -IC:/Keil/ARM\INC --cpp --no_rtti -D__ASSERT_MSG -DTARGET_LPC4330_M4 -DTARGET_M4 -DTARGET_NXP -DTARGET_LPC43XX -DTOOLCHAIN_ARM_STD -DTOOLCHAIN_ARM -D__CORTEX_M4 -DARM_MATH_CM4 -D__FPU_PRESENT=1 -DMBED_BUILD_TIMESTAMP=1404266713.54 -D__MBED__=1 -IC:\Projects\mbed-work\mbed-master-new\libraries\mbed\common -IC:\Projects\mbed-work\mbed-master-new\build\mbed -IC:\Projects\mbed-work\mbed-master-new\build\mbed\TARGET_LPC4330_M4 -IC:\Projects\mbed-work\mbed-master-new\build\mbed\TARGET_LPC4330_M4\TARGET_NXP -IC:\Projects\mbed-work\mbed-master-new\build\mbed\TARGET_LPC4330_M4\TARGET_NXP\TARGET_LPC43XX -IC:\Projects\mbed-work\mbed-master-new\build\mbed\TARGET_LPC4330_M4\TOOLCHAIN_ARM_STD -o C:\Projects\mbed-work\mbed-master-new\build\mbed\.temp\TARGET_LPC4330_M4\TOOLCHAIN_ARM_STD\.\Ticker.o C:\Projects\mbed-work\mbed-master-new\libraries\mbed\common\Ticker.cpp
Compile: Timeout.cpp
C:/Keil/ARM\ARMCC\bin\armcc -c --cpu=Cortex-M4.fp --gnu -Otime --split_sections --apcs=interwork --brief_diagnostics --restrict -O3 --md --no_depend_system_headers -IC:/Keil/ARM\INC --cpp --no_rtti -D__ASSERT_MSG -DTARGET_LPC4330_M4 -DTARGET_M4 -DTARGET_NXP -DTARGET_LPC43XX -DTOOLCHAIN_ARM_STD -DTOOLCHAIN_ARM -D__CORTEX_M4 -DARM_MATH_CM4 -D__FPU_PRESENT=1 -DMBED_BUILD_TIMESTAMP=1404266713.54 -D__MBED__=1 -IC:\Projects\mbed-work\mbed-master-new\libraries\mbed\common -IC:\Projects\mbed-work\mbed-master-new\build\mbed -IC:\Projects\mbed-work\mbed-master-new\build\mbed\TARGET_LPC4330_M4 -IC:\Projects\mbed-work\mbed-master-new\build\mbed\TARGET_LPC4330_M4\TARGET_NXP -IC:\Projects\mbed-work\mbed-master-new\build\mbed\TARGET_LPC4330_M4\TARGET_NXP\TARGET_LPC43XX -IC:\Projects\mbed-work\mbed-master-new\build\mbed\TARGET_LPC4330_M4\TOOLCHAIN_ARM_STD -o C:\Projects\mbed-work\mbed-master-new\build\mbed\.temp\TARGET_LPC4330_M4\TOOLCHAIN_ARM_STD\.\Timeout.o C:\Projects\mbed-work\mbed-master-new\libraries\mbed\common\Timeout.cpp
Compile: Timer.cpp
C:/Keil/ARM\ARMCC\bin\armcc -c --cpu=Cortex-M4.fp --gnu -Otime --split_sections --apcs=interwork --brief_diagnostics --restrict -O3 --md --no_depend_system_headers -IC:/Keil/ARM\INC --cpp --no_rtti -D__ASSERT_MSG -DTARGET_LPC4330_M4 -DTARGET_M4 -DTARGET_NXP -DTARGET_LPC43XX -DTOOLCHAIN_ARM_STD -DTOOLCHAIN_ARM -D__CORTEX_M4 -DARM_MATH_CM4 -D__FPU_PRESENT=1 -DMBED_BUILD_TIMESTAMP=1404266713.54 -D__MBED__=1 -IC:\Projects\mbed-work\mbed-master-new\libraries\mbed\common -IC:\Projects\mbed-work\mbed-master-new\build\mbed -IC:\Projects\mbed-work\mbed-master-new\build\mbed\TARGET_LPC4330_M4 -IC:\Projects\mbed-work\mbed-master-new\build\mbed\TARGET_LPC4330_M4\TARGET_NXP -IC:\Projects\mbed-work\mbed-master-new\build\mbed\TARGET_LPC4330_M4\TARGET_NXP\TARGET_LPC43XX -IC:\Projects\mbed-work\mbed-master-new\build\mbed\TARGET_LPC4330_M4\TOOLCHAIN_ARM_STD -o C:\Projects\mbed-work\mbed-master-new\build\mbed\.temp\TARGET_LPC4330_M4\TOOLCHAIN_ARM_STD\.\Timer.o C:\Projects\mbed-work\mbed-master-new\libraries\mbed\common\Timer.cpp
Compile: TimerEvent.cpp
C:/Keil/ARM\ARMCC\bin\armcc -c --cpu=Cortex-M4.fp --gnu -Otime --split_sections --apcs=interwork --brief_diagnostics --restrict -O3 --md --no_depend_system_headers -IC:/Keil/ARM\INC --cpp --no_rtti -D__ASSERT_MSG -DTARGET_LPC4330_M4 -DTARGET_M4 -DTARGET_NXP -DTARGET_LPC43XX -DTOOLCHAIN_ARM_STD -DTOOLCHAIN_ARM -D__CORTEX_M4 -DARM_MATH_CM4 -D__FPU_PRESENT=1 -DMBED_BUILD_TIMESTAMP=1404266713.54 -D__MBED__=1 -IC:\Projects\mbed-work\mbed-master-new\libraries\mbed\common -IC:\Projects\mbed-work\mbed-master-new\build\mbed -IC:\Projects\mbed-work\mbed-master-new\build\mbed\TARGET_LPC4330_M4 -IC:\Projects\mbed-work\mbed-master-new\build\mbed\TARGET_LPC4330_M4\TARGET_NXP -IC:\Projects\mbed-work\mbed-master-new\build\mbed\TARGET_LPC4330_M4\TARGET_NXP\TARGET_LPC43XX -IC:\Projects\mbed-work\mbed-master-new\build\mbed\TARGET_LPC4330_M4\TOOLCHAIN_ARM_STD -o C:\Projects\mbed-work\mbed-master-new\build\mbed\.temp\TARGET_LPC4330_M4\TOOLCHAIN_ARM_STD\.\TimerEvent.o C:\Projects\mbed-work\mbed-master-new\libraries\mbed\common\TimerEvent.cpp
Library: mbed.ar
C:/Keil/ARM\ARMCC\bin\armar -r C:\Projects\mbed-work\mbed-master-new\build\mbed\TARGET_LPC4330_M4\TOOLCHAIN_ARM_STD\mbed.ar C:\Projects\mbed-work\mbed-master-new\build\mbed\.temp\TARGET_LPC4330_M4\TOOLCHAIN_ARM_STD\TARGET_NXP\TARGET_LPC43XX\analogin_api.o C:\Projects\mbed-work\mbed-master-new\build\mbed\.temp\TARGET_LPC4330_M4\TOOLCHAIN_ARM_STD\TARGET_NXP\TARGET_LPC43XX\analogout_api.o C:\Projects\mbed-work\mbed-master-new\build\mbed\.temp\TARGET_LPC4330_M4\TOOLCHAIN_ARM_STD\TARGET_NXP\TARGET_LPC43XX\ethernet_api.o C:\Projects\mbed-work\mbed-master-new\build\mbed\.temp\TARGET_LPC4330_M4\TOOLCHAIN_ARM_STD\TARGET_NXP\TARGET_LPC43XX\gpio_api.o C:\Projects\mbed-work\mbed-master-new\build\mbed\.temp\TARGET_LPC4330_M4\TOOLCHAIN_ARM_STD\TARGET_NXP\TARGET_LPC43XX\gpio_irq_api.o C:\Projects\mbed-work\mbed-master-new\build\mbed\.temp\TARGET_LPC4330_M4\TOOLCHAIN_ARM_STD\TARGET_NXP\TARGET_LPC43XX\i2c_api.o C:\Projects\mbed-work\mbed-master-new\build\mbed\.temp\TARGET_LPC4330_M4\TOOLCHAIN_ARM_STD\TARGET_NXP\TARGET_LPC43XX\pinmap.o C:\Projects\mbed-work\mbed-master-new\build\mbed\.temp\TARGET_LPC4330_M4\TOOLCHAIN_ARM_STD\TARGET_NXP\TARGET_LPC43XX\port_api.o C:\Projects\mbed-work\mbed-master-new\build\mbed\.temp\TARGET_LPC4330_M4\TOOLCHAIN_ARM_STD\TARGET_NXP\TARGET_LPC43XX\pwmout_api.o C:\Projects\mbed-work\mbed-master-new\build\mbed\.temp\TARGET_LPC4330_M4\TOOLCHAIN_ARM_STD\TARGET_NXP\TARGET_LPC43XX\rtc_api.o C:\Projects\mbed-work\mbed-master-new\build\mbed\.temp\TARGET_LPC4330_M4\TOOLCHAIN_ARM_STD\TARGET_NXP\TARGET_LPC43XX\serial_api.o C:\Projects\mbed-work\mbed-master-new\build\mbed\.temp\TARGET_LPC4330_M4\TOOLCHAIN_ARM_STD\TARGET_NXP\TARGET_LPC43XX\sleep.o C:\Projects\mbed-work\mbed-master-new\build\mbed\.temp\TARGET_LPC4330_M4\TOOLCHAIN_ARM_STD\TARGET_NXP\TARGET_LPC43XX\spi_api.o C:\Projects\mbed-work\mbed-master-new\build\mbed\.temp\TARGET_LPC4330_M4\TOOLCHAIN_ARM_STD\TARGET_NXP\TARGET_LPC43XX\us_ticker.o C:\Projects\mbed-work\mbed-master-new\build\mbed\.temp\TARGET_LPC4330_M4\TOOLCHAIN_ARM_STD\.\assert.o C:\Projects\mbed-work\mbed-master-new\build\mbed\.temp\TARGET_LPC4330_M4\TOOLCHAIN_ARM_STD\.\error.o C:\Projects\mbed-work\mbed-master-new\build\mbed\.temp\TARGET_LPC4330_M4\TOOLCHAIN_ARM_STD\.\exit.o C:\Projects\mbed-work\mbed-master-new\build\mbed\.temp\TARGET_LPC4330_M4\TOOLCHAIN_ARM_STD\.\gpio.o C:\Projects\mbed-work\mbed-master-new\build\mbed\.temp\TARGET_LPC4330_M4\TOOLCHAIN_ARM_STD\.\mbed_interface.o C:\Projects\mbed-work\mbed-master-new\build\mbed\.temp\TARGET_LPC4330_M4\TOOLCHAIN_ARM_STD\.\pinmap_common.o C:\Projects\mbed-work\mbed-master-new\build\mbed\.temp\TARGET_LPC4330_M4\TOOLCHAIN_ARM_STD\.\rtc_time.o C:\Projects\mbed-work\mbed-master-new\build\mbed\.temp\TARGET_LPC4330_M4\TOOLCHAIN_ARM_STD\.\semihost_api.o C:\Projects\mbed-work\mbed-master-new\build\mbed\.temp\TARGET_LPC4330_M4\TOOLCHAIN_ARM_STD\.\us_ticker_api.o C:\Projects\mbed-work\mbed-master-new\build\mbed\.temp\TARGET_LPC4330_M4\TOOLCHAIN_ARM_STD\.\wait_api.o C:\Projects\mbed-work\mbed-master-new\build\mbed\.temp\TARGET_LPC4330_M4\TOOLCHAIN_ARM_STD\.\BusIn.o C:\Projects\mbed-work\mbed-master-new\build\mbed\.temp\TARGET_LPC4330_M4\TOOLCHAIN_ARM_STD\.\BusInOut.o C:\Projects\mbed-work\mbed-master-new\build\mbed\.temp\TARGET_LPC4330_M4\TOOLCHAIN_ARM_STD\.\BusOut.o C:\Projects\mbed-work\mbed-master-new\build\mbed\.temp\TARGET_LPC4330_M4\TOOLCHAIN_ARM_STD\.\CallChain.o C:\Projects\mbed-work\mbed-master-new\build\mbed\.temp\TARGET_LPC4330_M4\TOOLCHAIN_ARM_STD\.\CAN.o C:\Projects\mbed-work\mbed-master-new\build\mbed\.temp\TARGET_LPC4330_M4\TOOLCHAIN_ARM_STD\.\Ethernet.o C:\Projects\mbed-work\mbed-master-new\build\mbed\.temp\TARGET_LPC4330_M4\TOOLCHAIN_ARM_STD\.\FileBase.o C:\Projects\mbed-work\mbed-master-new\build\mbed\.temp\TARGET_LPC4330_M4\TOOLCHAIN_ARM_STD\.\FileLike.o C:\Projects\mbed-work\mbed-master-new\build\mbed\.temp\TARGET_LPC4330_M4\TOOLCHAIN_ARM_STD\.\FilePath.o C:\Projects\mbed-work\mbed-master-new\build\mbed\.temp\TARGET_LPC4330_M4\TOOLCHAIN_ARM_STD\.\FileSystemLike.o C:\Projects\mbed-work\mbed-master-new\build\mbed\.temp\TARGET_LPC4330_M4\TOOLCHAIN_ARM_STD\.\FunctionPointer.o C:\Projects\mbed-work\mbed-master-new\build\mbed\.temp\TARGET_LPC4330_M4\TOOLCHAIN_ARM_STD\.\I2C.o C:\Projects\mbed-work\mbed-master-new\build\mbed\.temp\TARGET_LPC4330_M4\TOOLCHAIN_ARM_STD\.\I2CSlave.o C:\Projects\mbed-work\mbed-master-new\build\mbed\.temp\TARGET_LPC4330_M4\TOOLCHAIN_ARM_STD\.\InterruptIn.o C:\Projects\mbed-work\mbed-master-new\build\mbed\.temp\TARGET_LPC4330_M4\TOOLCHAIN_ARM_STD\.\InterruptManager.o C:\Projects\mbed-work\mbed-master-new\build\mbed\.temp\TARGET_LPC4330_M4\TOOLCHAIN_ARM_STD\.\LocalFileSystem.o C:\Projects\mbed-work\mbed-master-new\build\mbed\.temp\TARGET_LPC4330_M4\TOOLCHAIN_ARM_STD\.\RawSerial.o C:\Projects\mbed-work\mbed-master-new\build\mbed\.temp\TARGET_LPC4330_M4\TOOLCHAIN_ARM_STD\.\Serial.o C:\Projects\mbed-work\mbed-master-new\build\mbed\.temp\TARGET_LPC4330_M4\TOOLCHAIN_ARM_STD\.\SerialBase.o C:\Projects\mbed-work\mbed-master-new\build\mbed\.temp\TARGET_LPC4330_M4\TOOLCHAIN_ARM_STD\.\SPI.o C:\Projects\mbed-work\mbed-master-new\build\mbed\.temp\TARGET_LPC4330_M4\TOOLCHAIN_ARM_STD\.\SPISlave.o C:\Projects\mbed-work\mbed-master-new\build\mbed\.temp\TARGET_LPC4330_M4\TOOLCHAIN_ARM_STD\.\Stream.o C:\Projects\mbed-work\mbed-master-new\build\mbed\.temp\TARGET_LPC4330_M4\TOOLCHAIN_ARM_STD\.\Ticker.o C:\Projects\mbed-work\mbed-master-new\build\mbed\.temp\TARGET_LPC4330_M4\TOOLCHAIN_ARM_STD\.\Timeout.o C:\Projects\mbed-work\mbed-master-new\build\mbed\.temp\TARGET_LPC4330_M4\TOOLCHAIN_ARM_STD\.\Timer.o C:\Projects\mbed-work\mbed-master-new\build\mbed\.temp\TARGET_LPC4330_M4\TOOLCHAIN_ARM_STD\.\TimerEvent.o

Copy: board.o
Copy: retarget.o
Completed in: (9.43)s

Build successes:
  * ARM::LPC4330_M4



C:\Projects\mbed-work\mbed-master-new>copy libraries\mbed\targets\cmsis\TARGET_NXP\TARGET_LPC43XX\TOOLCHAIN_ARM_STD\LPC43xx_spifi.ini build\mbed\TARGET_LPC4330_M4\TOOLCHAIN_ARM_STD 
        1 file(s) copied.
