Formatted  .\ATCmdParser.cpp
Formatted  .\ATCmdParser.h
Formatted  .\Callback.h
Formatted  .\CallChain.cpp
Formatted  .\CallChain.h
Formatted  .\CircularBuffer.h
Unchanged  .\critical.h
Formatted  .\CriticalSectionLock.h
Formatted  .\CThunk.h
Unchanged  .\DeepSleepLock.h
Formatted  .\DirHandle.h
Formatted  .\FileBase.cpp
Formatted  .\FileBase.h
Unchanged  .\FileHandle.cpp
Formatted  .\FileHandle.h
Unchanged  .\FileLike.h
Formatted  .\FilePath.cpp
Formatted  .\FilePath.h
Unchanged  .\FileSystemHandle.cpp
Formatted  .\FileSystemHandle.h
Formatted  .\FileSystemLike.h
Formatted  .\FunctionPointer.h
Formatted  .\LocalFileSystem.cpp
Formatted  .\LocalFileSystem.h
Formatted  .\mbed_alloc_wrappers.cpp
Formatted  .\mbed_application.c
Unchanged  .\mbed_application.h
Unchanged  .\mbed_assert.c
Unchanged  .\mbed_assert.h
Formatted  .\mbed_board.c
Formatted  .\mbed_critical.c
Formatted  .\mbed_critical.h
Formatted  .\mbed_debug.h
Formatted  .\mbed_error.c
Formatted  .\mbed_error.h
Formatted  .\mbed_error_hist.c
Formatted  .\mbed_error_hist.h
Formatted  .\mbed_interface.c
Formatted  .\mbed_interface.h
Formatted  .\mbed_mem_trace.cpp
Formatted  .\mbed_mem_trace.h
Formatted  .\mbed_mktime.c
Formatted  .\mbed_mktime.h
Unchanged  .\mbed_poll.cpp
Unchanged  .\mbed_poll.h
Formatted  .\mbed_power_mgmt.h
Unchanged  .\mbed_preprocessor.h
Formatted  .\mbed_retarget.cpp
Formatted  .\mbed_retarget.h
Formatted  .\mbed_rtc_time.cpp
Unchanged  .\mbed_rtc_time.h
Formatted  .\mbed_sdk_boot.c
Formatted  .\mbed_semihost_api.c
Formatted  .\mbed_semihost_api.h
Unchanged  .\mbed_sleep.h
Unchanged  .\mbed_stats.c
Unchanged  .\mbed_stats.h
Formatted  .\mbed_toolchain.h
Formatted  .\mbed_wait_api.h
Formatted  .\mbed_wait_api_no_rtos.c
Formatted  .\mbed_wait_api_rtos.cpp
Formatted  .\NonCopyable.h
Unchanged  .\platform.h
Formatted  .\PlatformMutex.h
Unchanged  .\rtc_time.h
Formatted  .\ScopedLock.h
Unchanged  .\semihost_api.h
Formatted  .\SingletonPtr.h
Unchanged  .\sleep.h
Formatted  .\Stream.cpp
Formatted  .\Stream.h
Unchanged  .\toolchain.h
Formatted  .\Transaction.h
Unchanged  .\wait_api.h
